<?xml version="1.0" encoding="utf-8"?><testsuites><testsuite name="pytest" errors="0" failures="257" skipped="20" tests="876" time="31.880" timestamp="2025-06-15T01:42:17.811906-04:00" hostname="Ramseys-MacBook-Pro.local"><testcase classname="tests.test_advanced_sv.TestPowerManagementGenerator" name="test_power_management_config_defaults" time="0.031"><failure message="AttributeError: 'PowerManagementConfig' object has no attribute 'supported_power_states'">tests/test_advanced_sv.py:37: in test_power_management_config_defaults
    assert PowerState.D0 in config.supported_power_states
E   AttributeError: 'PowerManagementConfig' object has no attribute 'supported_power_states'</failure></testcase><testcase classname="tests.test_advanced_sv.TestPowerManagementGenerator" name="test_power_management_generator_init" time="0.001"><failure message="TypeError: PowerManagementConfig.__init__() got an unexpected keyword argument 'enable_clock_gating'">tests/test_advanced_sv.py:45: in test_power_management_generator_init
    config = PowerManagementConfig(enable_clock_gating=False)
E   TypeError: PowerManagementConfig.__init__() got an unexpected keyword argument 'enable_clock_gating'</failure></testcase><testcase classname="tests.test_advanced_sv.TestPowerManagementGenerator" name="test_power_declarations_generation" time="0.006"><failure message="AssertionError: assert 'Power Management Signals' in '// ── Minimal Power Management Declarations ──────────────────────────────\n    // Power state tracking (simplified)\n    logic [1:0] current_power_state;  // 00=D0, 11=D3hot\n    logic       power_management_enabled;\n    \n    // PME (Power Management Event) signals    logic       pme_enable;\n    logic       pme_status;'">tests/test_advanced_sv.py:54: in test_power_declarations_generation
    assert "Power Management Signals" in declarations
E   AssertionError: assert 'Power Management Signals' in '// ── Minimal Power Management Declarations ──────────────────────────────\n    // Power state tracking (simplified)\n    logic [1:0] current_power_state;  // 00=D0, 11=D3hot\n    logic       power_management_enabled;\n    \n    // PME (Power Management Event) signals    logic       pme_enable;\n    logic       pme_status;'</failure></testcase><testcase classname="tests.test_advanced_sv.TestPowerManagementGenerator" name="test_power_state_machine_generation" time="0.001"><failure message="AttributeError: 'PowerManagementGenerator' object has no attribute 'generate_power_state_machine'">tests/test_advanced_sv.py:63: in test_power_state_machine_generation
    state_machine = generator.generate_power_state_machine()
E   AttributeError: 'PowerManagementGenerator' object has no attribute 'generate_power_state_machine'</failure></testcase><testcase classname="tests.test_advanced_sv.TestPowerManagementGenerator" name="test_link_state_machine_generation" time="0.001"><failure message="TypeError: PowerManagementConfig.__init__() got an unexpected keyword argument 'enable_aspm'. Did you mean 'enable_pme'?">tests/test_advanced_sv.py:73: in test_link_state_machine_generation
    config = PowerManagementConfig(enable_aspm=True)
E   TypeError: PowerManagementConfig.__init__() got an unexpected keyword argument 'enable_aspm'. Did you mean 'enable_pme'?</failure></testcase><testcase classname="tests.test_advanced_sv.TestPowerManagementGenerator" name="test_clock_gating_generation" time="0.001"><failure message="TypeError: PowerManagementConfig.__init__() got an unexpected keyword argument 'enable_clock_gating'">tests/test_advanced_sv.py:84: in test_clock_gating_generation
    config = PowerManagementConfig(enable_clock_gating=True)
E   TypeError: PowerManagementConfig.__init__() got an unexpected keyword argument 'enable_clock_gating'</failure></testcase><testcase classname="tests.test_advanced_sv.TestPowerManagementGenerator" name="test_disabled_features" time="0.001"><failure message="TypeError: PowerManagementConfig.__init__() got an unexpected keyword argument 'supported_power_states'">tests/test_advanced_sv.py:94: in test_disabled_features
    config = PowerManagementConfig(
E   TypeError: PowerManagementConfig.__init__() got an unexpected keyword argument 'supported_power_states'</failure></testcase><testcase classname="tests.test_advanced_sv.TestErrorHandlingGenerator" name="test_error_handling_config_defaults" time="0.001" /><testcase classname="tests.test_advanced_sv.TestErrorHandlingGenerator" name="test_error_declarations_generation" time="0.001" /><testcase classname="tests.test_advanced_sv.TestErrorHandlingGenerator" name="test_error_detection_generation" time="0.001" /><testcase classname="tests.test_advanced_sv.TestErrorHandlingGenerator" name="test_error_state_machine_generation" time="0.001" /><testcase classname="tests.test_advanced_sv.TestErrorHandlingGenerator" name="test_error_logging_generation" time="0.001" /><testcase classname="tests.test_advanced_sv.TestErrorHandlingGenerator" name="test_error_injection_generation" time="0.001" /><testcase classname="tests.test_advanced_sv.TestPerformanceCounterGenerator" name="test_perf_counter_config_defaults" time="0.001" /><testcase classname="tests.test_advanced_sv.TestPerformanceCounterGenerator" name="test_perf_declarations_generation" time="0.001"><failure message="AssertionError: assert 'Performance Counter Signals' in '    // Lightweight performance counter declarations\n    // See perf_stub module for implementation\n'">tests/test_advanced_sv.py:190: in test_perf_declarations_generation
    assert "Performance Counter Signals" in declarations
E   AssertionError: assert 'Performance Counter Signals' in '    // Lightweight performance counter declarations\n    // See perf_stub module for implementation\n'</failure></testcase><testcase classname="tests.test_advanced_sv.TestPerformanceCounterGenerator" name="test_transaction_counters_generation" time="0.001"><failure message="AssertionError: assert 'Transaction Counting Logic' in '    // Transaction counting implemented in perf_stub\n'">tests/test_advanced_sv.py:202: in test_transaction_counters_generation
    assert "Transaction Counting Logic" in counters
E   AssertionError: assert 'Transaction Counting Logic' in '    // Transaction counting implemented in perf_stub\n'</failure></testcase><testcase classname="tests.test_advanced_sv.TestPerformanceCounterGenerator" name="test_bandwidth_monitoring_generation" time="0.001"><failure message="AssertionError: assert 'Bandwidth Monitoring Logic' in '    // Bandwidth monitoring implemented in perf_stub\n'">tests/test_advanced_sv.py:212: in test_bandwidth_monitoring_generation
    assert "Bandwidth Monitoring Logic" in bandwidth
E   AssertionError: assert 'Bandwidth Monitoring Logic' in '    // Bandwidth monitoring implemented in perf_stub\n'</failure></testcase><testcase classname="tests.test_advanced_sv.TestPerformanceCounterGenerator" name="test_device_specific_counters" time="0.001"><failure message="AssertionError: assert 'Network Controller Performance Counters' in '    // Device-specific counters for network implemented in perf_stub\n'">tests/test_advanced_sv.py:223: in test_device_specific_counters
    assert "Network Controller Performance Counters" in network_counters
E   AssertionError: assert 'Network Controller Performance Counters' in '    // Device-specific counters for network implemented in perf_stub\n'</failure></testcase><testcase classname="tests.test_advanced_sv.TestPerformanceCounterGenerator" name="test_performance_grading_generation" time="0.001"><failure message="AssertionError: assert 'Performance Grading Logic' in '    // Performance grading implemented in perf_stub\n'">tests/test_advanced_sv.py:240: in test_performance_grading_generation
    assert "Performance Grading Logic" in grading
E   AssertionError: assert 'Performance Grading Logic' in '    // Performance grading implemented in perf_stub\n'</failure></testcase><testcase classname="tests.test_advanced_sv.TestAdvancedSVGenerator" name="test_advanced_sv_generator_init" time="0.001" /><testcase classname="tests.test_advanced_sv.TestAdvancedSVGenerator" name="test_module_header_generation" time="0.001" /><testcase classname="tests.test_advanced_sv.TestAdvancedSVGenerator" name="test_device_specific_ports" time="0.001" /><testcase classname="tests.test_advanced_sv.TestAdvancedSVGenerator" name="test_register_logic_generation" time="0.001" /><testcase classname="tests.test_advanced_sv.TestAdvancedSVGenerator" name="test_register_logic_with_variance" time="0.001" /><testcase classname="tests.test_advanced_sv.TestAdvancedSVGenerator" name="test_read_logic_generation" time="0.001" /><testcase classname="tests.test_advanced_sv.TestAdvancedSVGenerator" name="test_interrupt_logic_generation" time="0.001" /><testcase classname="tests.test_advanced_sv.TestAdvancedSVGenerator" name="test_complete_systemverilog_generation" time="0.003"><failure message="assert 'Power Management Signals' in '//==============================================================================\n// Advanced PCIe Device Controller with Comprehensive Features\n// Generator: AdvancedSVGenerator - Advanced SystemVerilog Generation Feature\n// Device Type: generic\n// Device Class: consumer\n// Features: Advanced power management (D0-D3, L0-L3 states), Comprehensive error handling and recovery, Hardware performance counters, Multiple clock domain support, Manufacturing variance integration\n//==============================================================================\n\n// State machine definitions\n`define S_SHADOW_CFGSPACE_IDLE  2\'b00\n`define S_SHADOW_CFGSPACE_TLP   2\'b01\n`define S_SHADOW_CFGSPACE_USB   2\'b10\n\nmodule advanced_pcileech_controller #(\n    parameter DEVICE_TYPE = &quot;generic&quot;,\n    parameter DEVICE_CLASS = &quot;consumer&quot;,\n    parameter MAX_PAYLOAD_SIZE = 256,\n    parameter MSI_VECTORS = 1,\n    parameter COUNTER_WIDTH = 32\n) (\n    // Clock and reset\n    input logic clk,\n    input logic reset_n,\n\n    // Additional clock domains\n    input logic mem_clk,\n    input logic aux_clk,\n\n    // PCIe interface\n    input logic [31:0] bar_addr,\n    input logic [31:0] bar_wr_d...  input logic src_valid,\n    output logic src_ready,\n    output logic [DATA_WIDTH-1:0] dst_data,\n    output logic dst_valid,\n    input logic dst_ready\n);\n\n    // Implementation of advanced clock domain crossing with variance compensation\n    logic [SYNC_STAGES-1:0] sync_reg;\n    logic [DATA_WIDTH-1:0] data_reg;\n    logic valid_reg;\n\n    // Source domain logic\n    always_ff @(posedge src_clk or negedge reset_n) begin\n        if (!reset_n) begin\n            data_reg &lt;= \'0;\n            valid_reg &lt;= 1\'b0;\n        end else if (src_valid &amp;&amp; src_ready) begin\n            data_reg &lt;= src_data;\n            valid_reg &lt;= 1\'b1;\n        end else if (sync_reg[SYNC_STAGES-1]) begin\n            valid_reg &lt;= 1\'b0;\n        end\n    end\n\n    // Destination domain synchronizer\n    always_ff @(posedge dst_clk or negedge reset_n) begin\n        if (!reset_n) begin\n            sync_reg &lt;= \'0;\n        end else begin\n            sync_reg &lt;= {sync_reg[SYNC_STAGES-2:0], valid_reg};\n        end\n    end\n\n    assign src_ready = !valid_reg || sync_reg[SYNC_STAGES-1];\n    assign dst_data = data_reg;\n    assign dst_valid = sync_reg[SYNC_STAGES-1] &amp;&amp; dst_ready;\n\nendmodule\n'">tests/test_advanced_sv.py:388: in test_complete_systemverilog_generation
    assert "Power Management Signals" in sv_content
E   assert 'Power Management Signals' in '//==============================================================================\n// Advanced PCIe Device Controller with Comprehensive Features\n// Generator: AdvancedSVGenerator - Advanced SystemVerilog Generation Feature\n// Device Type: generic\n// Device Class: consumer\n// Features: Advanced power management (D0-D3, L0-L3 states), Comprehensive error handling and recovery, Hardware performance counters, Multiple clock domain support, Manufacturing variance integration\n//==============================================================================\n\n// State machine definitions\n`define S_SHADOW_CFGSPACE_IDLE  2\'b00\n`define S_SHADOW_CFGSPACE_TLP   2\'b01\n`define S_SHADOW_CFGSPACE_USB   2\'b10\n\nmodule advanced_pcileech_controller #(\n    parameter DEVICE_TYPE = "generic",\n    parameter DEVICE_CLASS = "consumer",\n    parameter MAX_PAYLOAD_SIZE = 256,\n    parameter MSI_VECTORS = 1,\n    parameter COUNTER_WIDTH = 32\n) (\n    // Clock and reset\n    input logic clk,\n    input logic reset_n,\n\n    // Additional clock domains\n    input logic mem_clk,\n    input logic aux_clk,\n\n    // PCIe interface\n    input logic [31:0] bar_addr,\n    input logic [31:0] bar_wr_d...  input logic src_valid,\n    output logic src_ready,\n    output logic [DATA_WIDTH-1:0] dst_data,\n    output logic dst_valid,\n    input logic dst_ready\n);\n\n    // Implementation of advanced clock domain crossing with variance compensation\n    logic [SYNC_STAGES-1:0] sync_reg;\n    logic [DATA_WIDTH-1:0] data_reg;\n    logic valid_reg;\n\n    // Source domain logic\n    always_ff @(posedge src_clk or negedge reset_n) begin\n        if (!reset_n) begin\n            data_reg &lt;= \'0;\n            valid_reg &lt;= 1\'b0;\n        end else if (src_valid &amp;&amp; src_ready) begin\n            data_reg &lt;= src_data;\n            valid_reg &lt;= 1\'b1;\n        end else if (sync_reg[SYNC_STAGES-1]) begin\n            valid_reg &lt;= 1\'b0;\n        end\n    end\n\n    // Destination domain synchronizer\n    always_ff @(posedge dst_clk or negedge reset_n) begin\n        if (!reset_n) begin\n            sync_reg &lt;= \'0;\n        end else begin\n            sync_reg &lt;= {sync_reg[SYNC_STAGES-2:0], valid_reg};\n        end\n    end\n\n    assign src_ready = !valid_reg || sync_reg[SYNC_STAGES-1];\n    assign dst_data = data_reg;\n    assign dst_valid = sync_reg[SYNC_STAGES-1] &amp;&amp; dst_ready;\n\nendmodule\n'</failure></testcase><testcase classname="tests.test_advanced_sv.TestAdvancedSVGenerator" name="test_systemverilog_with_all_features" time="0.001"><failure message="TypeError: PowerManagementConfig.__init__() got an unexpected keyword argument 'enable_clock_gating'">tests/test_advanced_sv.py:401: in test_systemverilog_with_all_features
    power_config = PowerManagementConfig(
E   TypeError: PowerManagementConfig.__init__() got an unexpected keyword argument 'enable_clock_gating'</failure></testcase><testcase classname="tests.test_advanced_sv.TestAdvancedSVGenerator" name="test_generate_enhanced_build_integration" time="0.001"><failure message="assert 'from .systemverilog_generator import' in '\ndef build_advanced_sv(\n    regs: list,\n    target_src: pathlib.Path,\n    board_type: str = &quot;75t&quot;,\n    enable_variance: bool = True,\n    variance_metadata: Optional[dict] = None,\n    advanced_features: Optional[dict] = None,\n) -&gt; None:\n    &quot;&quot;&quot;Generate advanced SystemVerilog BAR controller with comprehensive features.&quot;&quot;&quot;\n\n    # Import classes from this module (they\'re defined above)\n    # AdvancedSVGenerator, PowerManagementConfig, etc. are already available\n\n    # Configure advanced features based on board type and requirements\n    board_config = BOARD_INFO.get(board_type, BOARD_INFO[&quot;75t&quot;])\n    device_class_str = board_config.get(&quot;device_class&quot;, &quot;consumer&quot;)\n    base_freq = board_config.get(&quot;base_frequency_mhz&quot;, 100.0)\n\n    # Map string to DeviceClass enum\n    device_class_map = {\n        &quot;consumer&quot;: DeviceClass.CONSUMER,\n        &quot;enterprise&quot;: DeviceClass.ENTERPRISE,\n        &quot;industrial&quot;: DeviceClass.INDUSTRIAL,\n        &quot;automotive&quot;: DeviceClass.AUTOMOTIVE,\n    }\n    device_class = device_class_map.get(device_class_str, DeviceClass.CONSUMER)\n\n    # Configure advanced features\n    power_config = PowerManagementConfig(\n        enable_clock_gating=Tru...rianceSimulator()\n        device_id = variance_metadata.get(&quot;device_id&quot;, f&quot;board_{board_type}&quot;) if variance_metadata else f&quot;board_{board_type}&quot;\n        variance_model = variance_simulator.generate_variance_model(\n            device_id=device_id,\n            device_class=device_class,\n            base_frequency_mhz=base_freq\n        )\n        print(f&quot;[*] Advanced variance simulation enabled for {device_class.value} class device&quot;)\n\n    # Generate advanced SystemVerilog\n    generator = AdvancedSVGenerator(power_config, error_config, perf_config, device_config)\n    sv_content = generator.generate_advanced_systemverilog(regs, variance_model)\n\n    # Write to output and target locations\n    (OUT / &quot;advanced_bar_controller.sv&quot;).write_text(sv_content)\n    shutil.copyfile(OUT / &quot;advanced_bar_controller.sv&quot;, target_src)\n\n    print(&quot;[*] Advanced SystemVerilog generation complete!&quot;)\n    print(f&quot;    - Power management: {power_config.enable_clock_gating}&quot;)\n    print(f&quot;    - Error handling: {error_config.enable_auto_retry}&quot;)\n    print(f&quot;    - Performance counters: {perf_config.enable_transaction_counters}&quot;)\n    print(f&quot;    - Device type: {device_config.device_type.value}&quot;)\n'">tests/test_advanced_sv.py:461: in test_generate_enhanced_build_integration
    assert "from .systemverilog_generator import" in integration_code
E   assert 'from .systemverilog_generator import' in '\ndef build_advanced_sv(\n    regs: list,\n    target_src: pathlib.Path,\n    board_type: str = "75t",\n    enable_variance: bool = True,\n    variance_metadata: Optional[dict] = None,\n    advanced_features: Optional[dict] = None,\n) -&gt; None:\n    """Generate advanced SystemVerilog BAR controller with comprehensive features."""\n\n    # Import classes from this module (they\'re defined above)\n    # AdvancedSVGenerator, PowerManagementConfig, etc. are already available\n\n    # Configure advanced features based on board type and requirements\n    board_config = BOARD_INFO.get(board_type, BOARD_INFO["75t"])\n    device_class_str = board_config.get("device_class", "consumer")\n    base_freq = board_config.get("base_frequency_mhz", 100.0)\n\n    # Map string to DeviceClass enum\n    device_class_map = {\n        "consumer": DeviceClass.CONSUMER,\n        "enterprise": DeviceClass.ENTERPRISE,\n        "industrial": DeviceClass.INDUSTRIAL,\n        "automotive": DeviceClass.AUTOMOTIVE,\n    }\n    device_class = device_class_map.get(device_class_str, DeviceClass.CONSUMER)\n\n    # Configure advanced features\n    power_config = PowerManagementConfig(\n        enable_clock_gating=Tru...rianceSimulator()\n        device_id = variance_metadata.get("device_id", f"board_{board_type}") if variance_metadata else f"board_{board_type}"\n        variance_model = variance_simulator.generate_variance_model(\n            device_id=device_id,\n            device_class=device_class,\n            base_frequency_mhz=base_freq\n        )\n        print(f"[*] Advanced variance simulation enabled for {device_class.value} class device")\n\n    # Generate advanced SystemVerilog\n    generator = AdvancedSVGenerator(power_config, error_config, perf_config, device_config)\n    sv_content = generator.generate_advanced_systemverilog(regs, variance_model)\n\n    # Write to output and target locations\n    (OUT / "advanced_bar_controller.sv").write_text(sv_content)\n    shutil.copyfile(OUT / "advanced_bar_controller.sv", target_src)\n\n    print("[*] Advanced SystemVerilog generation complete!")\n    print(f"    - Power management: {power_config.enable_clock_gating}")\n    print(f"    - Error handling: {error_config.enable_auto_retry}")\n    print(f"    - Performance counters: {perf_config.enable_transaction_counters}")\n    print(f"    - Device type: {device_config.device_type.value}")\n'</failure></testcase><testcase classname="tests.test_advanced_sv.TestAdvancedSVGenerator" name="test_register_logic_with_special_names" time="0.001" /><testcase classname="tests.test_advanced_sv.TestAdvancedSVGenerator" name="test_clock_domain_logic_with_variance" time="0.001" /><testcase classname="tests.test_advanced_sv.TestAdvancedSVGenerator" name="test_device_type_class_combinations" time="0.001" /><testcase classname="tests.test_advanced_sv.TestAdvancedSVGenerator" name="test_register_logic_with_invalid_values" time="0.001" /><testcase classname="tests.test_advanced_sv.TestIntegration" name="test_file_generation" time="0.004" /><testcase classname="tests.test_advanced_sv.TestIntegration" name="test_variance_integration" time="0.003" /><testcase classname="tests.test_advanced_sv.TestDeviceSpecificLogic" name="test_device_specific_logic_defaults" time="0.001" /><testcase classname="tests.test_advanced_sv.TestDeviceSpecificLogic" name="test_device_specific_logic_custom_values" time="0.001" /><testcase classname="tests.test_behavior_profiler.TestDataClasses" name="test_register_access_creation" time="0.001" /><testcase classname="tests.test_behavior_profiler.TestDataClasses" name="test_register_access_optional_fields" time="0.001" /><testcase classname="tests.test_behavior_profiler.TestDataClasses" name="test_timing_pattern_creation" time="0.001" /><testcase classname="tests.test_behavior_profiler.TestDataClasses" name="test_behavior_profile_creation" time="0.001" /><testcase classname="tests.test_behavior_profiler.TestBehaviorProfilerInitialization" name="test_valid_bdf_initialization" time="0.001" /><testcase classname="tests.test_behavior_profiler.TestBehaviorProfilerInitialization" name="test_invalid_bdf_initialization" time="0.001" /><testcase classname="tests.test_behavior_profiler.TestBehaviorProfilerInitialization" name="test_default_parameters" time="0.001" /><testcase classname="tests.test_behavior_profiler.TestLogging" name="test_debug_logging_enabled" time="0.001" /><testcase classname="tests.test_behavior_profiler.TestLogging" name="test_debug_logging_disabled" time="0.001" /><testcase classname="tests.test_behavior_profiler.TestMonitoringSetup" name="test_setup_monitoring_success" time="0.006" /><testcase classname="tests.test_behavior_profiler.TestMonitoringSetup" name="test_setup_monitoring_device_not_found" time="0.002" /><testcase classname="tests.test_behavior_profiler.TestMonitoringSetup" name="test_setup_monitoring_command_failure" time="0.002" /><testcase classname="tests.test_behavior_profiler.TestBehaviorCapture" name="test_capture_behavior_profile_success" time="0.000"><skipped type="pytest.skip" message="Test requires Linux with ftrace support">/Users/ramseymcgrath/code/PCILeechFWGenerator/tests/test_behavior_profiler.py:185: Test requires Linux with ftrace support</skipped></testcase><testcase classname="tests.test_behavior_profiler.TestBehaviorCapture" name="test_capture_behavior_profile_setup_failure" time="0.001" /><testcase classname="tests.test_behavior_profiler.TestBehaviorCapture" name="test_capture_behavior_profile_with_duration" time="0.000"><skipped type="pytest.skip" message="Test requires Linux with ftrace support">/Users/ramseymcgrath/code/PCILeechFWGenerator/tests/test_behavior_profiler.py:253: Test requires Linux with ftrace support</skipped></testcase><testcase classname="tests.test_behavior_profiler.TestPatternAnalysis" name="test_analyze_patterns_basic" time="0.002" /><testcase classname="tests.test_behavior_profiler.TestPatternAnalysis" name="test_analyze_patterns_empty_profile" time="0.002" /><testcase classname="tests.test_behavior_profiler.TestPatternAnalysis" name="test_analyze_patterns_single_register" time="0.001" /><testcase classname="tests.test_behavior_profiler.TestTimingPatternDetection" name="test_detect_periodic_patterns" time="0.001" /><testcase classname="tests.test_behavior_profiler.TestTimingPatternDetection" name="test_detect_burst_patterns" time="0.001" /><testcase classname="tests.test_behavior_profiler.TestTimingPatternDetection" name="test_detect_irregular_patterns" time="0.001" /><testcase classname="tests.test_behavior_profiler.TestStateTransitionAnalysis" name="test_analyze_state_transitions_simple" time="0.001" /><testcase classname="tests.test_behavior_profiler.TestStateTransitionAnalysis" name="test_analyze_state_transitions_empty" time="0.001" /><testcase classname="tests.test_behavior_profiler.TestInterruptPatternAnalysis" name="test_analyze_interrupt_patterns_success" time="0.001" /><testcase classname="tests.test_behavior_profiler.TestInterruptPatternAnalysis" name="test_analyze_interrupt_patterns_failure" time="0.001" /><testcase classname="tests.test_behavior_profiler.TestMonitoringThreads" name="test_start_stop_monitoring" time="0.002" /><testcase classname="tests.test_behavior_profiler.TestMonitoringThreads" name="test_monitor_device_access_mock" time="0.001" /><testcase classname="tests.test_behavior_profiler.TestErrorHandling" name="test_invalid_duration" time="0.001" /><testcase classname="tests.test_behavior_profiler.TestErrorHandling" name="test_monitoring_already_active" time="0.001" /><testcase classname="tests.test_behavior_profiler.TestErrorHandling" name="test_stop_monitoring_not_active" time="0.001" /><testcase classname="tests.test_behavior_profiler.TestErrorHandling" name="test_queue_overflow_handling" time="0.003" /><testcase classname="tests.test_behavior_profiler.TestPerformanceCharacteristics" name="test_large_dataset_analysis_performance" time="0.020" /><testcase classname="tests.test_behavior_profiler.TestPerformanceCharacteristics" name="test_memory_usage_optimization" time="0.089" /><testcase classname="tests.test_behavior_profiler.TestIntegrationWithBuildSystem" name="test_profile_data_serialization" time="0.001"><failure message="KeyError: 'device_bd'">tests/test_behavior_profiler.py:754: in test_profile_data_serialization
    assert loaded_dict["device_bd"] == profile.device_bdf
E   KeyError: 'device_bd'</failure></testcase><testcase classname="tests.test_behavior_profiler.TestIntegrationWithBuildSystem" name="test_enhanced_register_context_generation" time="0.001" /><testcase classname="tests.test_behavior_profiler.TestIntegrationWithBuildSystem" name="test_build_system_compatibility" time="0.001" /><testcase classname="tests.test_build.TestSecurityAndTempFiles" name="test_create_secure_tempfile_success" time="0.001" /><testcase classname="tests.test_build.TestSecurityAndTempFiles" name="test_create_secure_tempfile_error_cleanup" time="0.001"><failure message="Failed: DID NOT RAISE &lt;class 'OSError'&gt;">tests/test_build.py:83: in test_create_secure_tempfile_error_cleanup
    with pytest.raises(OSError):
E   Failed: DID NOT RAISE &lt;class 'OSError'&gt;</failure></testcase><testcase classname="tests.test_build.TestDonorInfoExtraction" name="test_get_donor_info_success" time="0.001"><failure message="ModuleNotFoundError: No module named 'build_compat'">/Library/Frameworks/Python.framework/Versions/3.13/lib/python3.13/unittest/mock.py:1421: in patched
    with self.decoration_helper(patched,
/Library/Frameworks/Python.framework/Versions/3.13/lib/python3.13/contextlib.py:141: in __enter__
    return next(self.gen)
/Library/Frameworks/Python.framework/Versions/3.13/lib/python3.13/unittest/mock.py:1403: in decoration_helper
    arg = exit_stack.enter_context(patching)
/Library/Frameworks/Python.framework/Versions/3.13/lib/python3.13/contextlib.py:530: in enter_context
    result = _enter(cm)
/Library/Frameworks/Python.framework/Versions/3.13/lib/python3.13/unittest/mock.py:1479: in __enter__
    self.target = self.getter()
/Library/Frameworks/Python.framework/Versions/3.13/lib/python3.13/pkgutil.py:513: in resolve_name
    mod = importlib.import_module(modname)
/Library/Frameworks/Python.framework/Versions/3.13/lib/python3.13/importlib/__init__.py:88: in import_module
    return _bootstrap._gcd_import(name[level:], package, level)
E   ModuleNotFoundError: No module named 'build_compat'</failure></testcase><testcase classname="tests.test_build.TestDonorInfoExtraction" name="test_get_donor_info_missing_fields" time="0.001"><failure message="ModuleNotFoundError: No module named 'build_compat'">/Library/Frameworks/Python.framework/Versions/3.13/lib/python3.13/unittest/mock.py:1421: in patched
    with self.decoration_helper(patched,
/Library/Frameworks/Python.framework/Versions/3.13/lib/python3.13/contextlib.py:141: in __enter__
    return next(self.gen)
/Library/Frameworks/Python.framework/Versions/3.13/lib/python3.13/unittest/mock.py:1403: in decoration_helper
    arg = exit_stack.enter_context(patching)
/Library/Frameworks/Python.framework/Versions/3.13/lib/python3.13/contextlib.py:530: in enter_context
    result = _enter(cm)
/Library/Frameworks/Python.framework/Versions/3.13/lib/python3.13/unittest/mock.py:1479: in __enter__
    self.target = self.getter()
/Library/Frameworks/Python.framework/Versions/3.13/lib/python3.13/pkgutil.py:513: in resolve_name
    mod = importlib.import_module(modname)
/Library/Frameworks/Python.framework/Versions/3.13/lib/python3.13/importlib/__init__.py:88: in import_module
    return _bootstrap._gcd_import(name[level:], package, level)
E   ModuleNotFoundError: No module named 'build_compat'</failure></testcase><testcase classname="tests.test_build.TestDonorInfoExtraction" name="test_get_donor_info_malformed_output" time="0.001"><failure message="ModuleNotFoundError: No module named 'build_compat'">/Library/Frameworks/Python.framework/Versions/3.13/lib/python3.13/unittest/mock.py:1421: in patched
    with self.decoration_helper(patched,
/Library/Frameworks/Python.framework/Versions/3.13/lib/python3.13/contextlib.py:141: in __enter__
    return next(self.gen)
/Library/Frameworks/Python.framework/Versions/3.13/lib/python3.13/unittest/mock.py:1403: in decoration_helper
    arg = exit_stack.enter_context(patching)
/Library/Frameworks/Python.framework/Versions/3.13/lib/python3.13/contextlib.py:530: in enter_context
    result = _enter(cm)
/Library/Frameworks/Python.framework/Versions/3.13/lib/python3.13/unittest/mock.py:1479: in __enter__
    self.target = self.getter()
/Library/Frameworks/Python.framework/Versions/3.13/lib/python3.13/pkgutil.py:513: in resolve_name
    mod = importlib.import_module(modname)
/Library/Frameworks/Python.framework/Versions/3.13/lib/python3.13/importlib/__init__.py:88: in import_module
    return _bootstrap._gcd_import(name[level:], package, level)
E   ModuleNotFoundError: No module named 'build_compat'</failure></testcase><testcase classname="tests.test_build.TestDriverRegisterScraping" name="test_scrape_driver_regs_success" time="0.001"><failure message="AssertionError: assert 3 == 2&#10; +  where 3 = len([{'access': 'RW', 'name': 'CTRL', 'offset': 0, 'value': 305419896}, {'access': 'RO', 'name': 'STATUS', 'offset': 4, 'value': 2271560481}, {'access': 'RW', 'name': 'CONFIG', 'offset': 8, 'value': 2882400000}])">tests/test_build.py:171: in test_scrape_driver_regs_success
    assert len(regs) == 2
E   AssertionError: assert 3 == 2
E    +  where 3 = len([{'access': 'RW', 'name': 'CTRL', 'offset': 0, 'value': 305419896}, {'access': 'RO', 'name': 'STATUS', 'offset': 4, 'value': 2271560481}, {'access': 'RW', 'name': 'CONFIG', 'offset': 8, 'value': 2882400000}])</failure></testcase><testcase classname="tests.test_build.TestDriverRegisterScraping" name="test_scrape_driver_regs_command_failure" time="0.088"><failure message="AssertionError: assert [{'access': '...: 2882400000}] == []&#10;  &#10;  Left contains 3 more items, first extra item: #x1B[0m{#x1B[33m'#x1B[39;49;00m#x1B[33maccess#x1B[39;49;00m#x1B[33m'#x1B[39;49;00m: #x1B[33m'#x1B[39;49;00m#x1B[33mRW#x1B[39;49;00m#x1B[33m'#x1B[39;49;00m, #x1B[33m'#x1B[39;49;00m#x1B[33mname#x1B[39;49;00m#x1B[33m'#x1B[39;49;00m: #x1B[33m'#x1B[39;49;00m#x1B[33mCTRL#x1B[39;49;00m#x1B[33m'#x1B[39;49;00m, #x1B[33m'#x1B[39;49;00m#x1B[33moffset#x1B[39;49;00m#x1B[33m'#x1B[39;49;00m: #x1B[94m0#x1B[39;49;00m, #x1B[33m'#x1B[39;49;00m#x1B[33mvalue#x1B[39;49;00m#x1B[33m'#x1B[39;49;00m: #x1B[94m305419896#x1B[39;49;00m}#x1B[90m#x1B[39;49;00m&#10;  &#10;  Full diff:&#10;  #x1B[0m#x1B[91m- []#x1B[39;49;00m#x1B[90m#x1B[39;49;00m&#10;  #x1B[92m+ [#x1B[39;49;00m#x1B[90m#x1B[39;49;00m&#10;  #x1B[92m+     {#x1B[39;49;00m#x1B[90m#x1B[39;49;00m...&#10;  &#10;  ...Full output truncated (18 lines hidden), use '-vv' to show">tests/test_build.py:190: in test_scrape_driver_regs_command_failure
    assert regs == []
E   AssertionError: assert [{'access': '...: 2882400000}] == []
E     
E     Left contains 3 more items, first extra item: #x1B[0m{#x1B[33m'#x1B[39;49;00m#x1B[33maccess#x1B[39;49;00m#x1B[33m'#x1B[39;49;00m: #x1B[33m'#x1B[39;49;00m#x1B[33mRW#x1B[39;49;00m#x1B[33m'#x1B[39;49;00m, #x1B[33m'#x1B[39;49;00m#x1B[33mname#x1B[39;49;00m#x1B[33m'#x1B[39;49;00m: #x1B[33m'#x1B[39;49;00m#x1B[33mCTRL#x1B[39;49;00m#x1B[33m'#x1B[39;49;00m, #x1B[33m'#x1B[39;49;00m#x1B[33moffset#x1B[39;49;00m#x1B[33m'#x1B[39;49;00m: #x1B[94m0#x1B[39;49;00m, #x1B[33m'#x1B[39;49;00m#x1B[33mvalue#x1B[39;49;00m#x1B[33m'#x1B[39;49;00m: #x1B[94m305419896#x1B[39;49;00m}#x1B[90m#x1B[39;49;00m
E     
E     Full diff:
E     #x1B[0m#x1B[91m- []#x1B[39;49;00m#x1B[90m#x1B[39;49;00m
E     #x1B[92m+ [#x1B[39;49;00m#x1B[90m#x1B[39;49;00m
E     #x1B[92m+     {#x1B[39;49;00m#x1B[90m#x1B[39;49;00m...
E     
E     ...Full output truncated (18 lines hidden), use '-vv' to show</failure></testcase><testcase classname="tests.test_build.TestDriverRegisterScraping" name="test_scrape_driver_regs_invalid_json" time="0.001"><failure message="AssertionError: assert [{'access': '...: 2882400000}] == []&#10;  &#10;  Left contains 3 more items, first extra item: #x1B[0m{#x1B[33m'#x1B[39;49;00m#x1B[33maccess#x1B[39;49;00m#x1B[33m'#x1B[39;49;00m: #x1B[33m'#x1B[39;49;00m#x1B[33mRW#x1B[39;49;00m#x1B[33m'#x1B[39;49;00m, #x1B[33m'#x1B[39;49;00m#x1B[33mname#x1B[39;49;00m#x1B[33m'#x1B[39;49;00m: #x1B[33m'#x1B[39;49;00m#x1B[33mCTRL#x1B[39;49;00m#x1B[33m'#x1B[39;49;00m, #x1B[33m'#x1B[39;49;00m#x1B[33moffset#x1B[39;49;00m#x1B[33m'#x1B[39;49;00m: #x1B[94m0#x1B[39;49;00m, #x1B[33m'#x1B[39;49;00m#x1B[33mvalue#x1B[39;49;00m#x1B[33m'#x1B[39;49;00m: #x1B[94m305419896#x1B[39;49;00m}#x1B[90m#x1B[39;49;00m&#10;  &#10;  Full diff:&#10;  #x1B[0m#x1B[91m- []#x1B[39;49;00m#x1B[90m#x1B[39;49;00m&#10;  #x1B[92m+ [#x1B[39;49;00m#x1B[90m#x1B[39;49;00m&#10;  #x1B[92m+     {#x1B[39;49;00m#x1B[90m#x1B[39;49;00m...&#10;  &#10;  ...Full output truncated (18 lines hidden), use '-vv' to show">tests/test_build.py:200: in test_scrape_driver_regs_invalid_json
    assert regs == []
E   AssertionError: assert [{'access': '...: 2882400000}] == []
E     
E     Left contains 3 more items, first extra item: #x1B[0m{#x1B[33m'#x1B[39;49;00m#x1B[33maccess#x1B[39;49;00m#x1B[33m'#x1B[39;49;00m: #x1B[33m'#x1B[39;49;00m#x1B[33mRW#x1B[39;49;00m#x1B[33m'#x1B[39;49;00m, #x1B[33m'#x1B[39;49;00m#x1B[33mname#x1B[39;49;00m#x1B[33m'#x1B[39;49;00m: #x1B[33m'#x1B[39;49;00m#x1B[33mCTRL#x1B[39;49;00m#x1B[33m'#x1B[39;49;00m, #x1B[33m'#x1B[39;49;00m#x1B[33moffset#x1B[39;49;00m#x1B[33m'#x1B[39;49;00m: #x1B[94m0#x1B[39;49;00m, #x1B[33m'#x1B[39;49;00m#x1B[33mvalue#x1B[39;49;00m#x1B[33m'#x1B[39;49;00m: #x1B[94m305419896#x1B[39;49;00m}#x1B[90m#x1B[39;49;00m
E     
E     Full diff:
E     #x1B[0m#x1B[91m- []#x1B[39;49;00m#x1B[90m#x1B[39;49;00m
E     #x1B[92m+ [#x1B[39;49;00m#x1B[90m#x1B[39;49;00m
E     #x1B[92m+     {#x1B[39;49;00m#x1B[90m#x1B[39;49;00m...
E     
E     ...Full output truncated (18 lines hidden), use '-vv' to show</failure></testcase><testcase classname="tests.test_build.TestBehaviorProfiling" name="test_integrate_behavior_profile_success" time="0.001"><failure message="AssertionError: assert 'behavioral_timing' in {'access_pattern': 'write_then_read', 'dependencies': ['reg_status'], 'function': 'init_device', 'sequences': [{'function': 'init_device', 'operation': 'write', 'position': 0, 'total_ops': 3}], ...}">tests/test_build.py:234: in test_integrate_behavior_profile_success
    assert "behavioral_timing" in enhanced_regs[0]["context"]
E   AssertionError: assert 'behavioral_timing' in {'access_pattern': 'write_then_read', 'dependencies': ['reg_status'], 'function': 'init_device', 'sequences': [{'function': 'init_device', 'operation': 'write', 'position': 0, 'total_ops': 3}], ...}</failure></testcase><testcase classname="tests.test_build.TestBehaviorProfiling" name="test_integrate_behavior_profile_import_error" time="0.001"><failure message="AssertionError: assert [{'context': ...': 'ro', ...}] == [{'context': ...': 'ro', ...}]&#10;  &#10;  (pytest_assertion plugin: representation of details failed: /Library/Frameworks/Python.framework/Versions/3.13/lib/python3.13/unittest/mock.py:1226: ImportError: Module not found.&#10;   Probably an object has a faulty __repr__.)">tests/test_build.py:251: in test_integrate_behavior_profile_import_error
    assert enhanced_regs == mock_register_data
E   AssertionError: assert [{'context': ...': 'ro', ...}] == [{'context': ...': 'ro', ...}]
E     
E     (pytest_assertion plugin: representation of details failed: /Library/Frameworks/Python.framework/Versions/3.13/lib/python3.13/unittest/mock.py:1226: ImportError: Module not found.
E      Probably an object has a faulty __repr__.)</failure></testcase><testcase classname="tests.test_build.TestBehaviorProfiling" name="test_integrate_behavior_profile_profiling_error" time="0.001"><failure message="AssertionError: assert [{'context': ...': 'ro', ...}] == [{'context': ...': 'ro', ...}]&#10;  &#10;  (pytest_assertion plugin: representation of details failed: /Library/Frameworks/Python.framework/Versions/3.13/lib/python3.13/site-packages/_pytest/assertion/util.py:249: TypeError: isinstance() arg 2 must be a type, a tuple of types, or a union.&#10;   Probably an object has a faulty __repr__.)">tests/test_build.py:274: in test_integrate_behavior_profile_profiling_error
    assert enhanced_regs == mock_register_data
E   AssertionError: assert [{'context': ...': 'ro', ...}] == [{'context': ...': 'ro', ...}]
E     
E     (pytest_assertion plugin: representation of details failed: /Library/Frameworks/Python.framework/Versions/3.13/lib/python3.13/site-packages/_pytest/assertion/util.py:249: TypeError: isinstance() arg 2 must be a type, a tuple of types, or a union.
E      Probably an object has a faulty __repr__.)</failure></testcase><testcase classname="tests.test_build.TestSystemVerilogGeneration" name="test_build_sv_success" time="0.009"><failure message="AssertionError: assert 'module pcileech_tlps128_bar_controller' in '// Minimal SystemVerilog fallback\nmodule pcileech_controller (\n    input wire clk,\n    input wire rst\n);\nendmodule\n'">tests/test_build.py:290: in test_build_sv_success
    assert "module pcileech_tlps128_bar_controller" in sv_content
E   AssertionError: assert 'module pcileech_tlps128_bar_controller' in '// Minimal SystemVerilog fallback\nmodule pcileech_controller (\n    input wire clk,\n    input wire rst\n);\nendmodule\n'</failure></testcase><testcase classname="tests.test_build.TestSystemVerilogGeneration" name="test_build_sv_no_registers" time="0.005"><failure message="AssertionError: assert 'device_control_reg' in '// Minimal SystemVerilog fallback\nmodule pcileech_controller (\n    input wire clk,\n    input wire rst\n);\nendmodule\n'">tests/test_build.py:320: in test_build_sv_no_registers
    assert "device_control_reg" in sv_content
E   AssertionError: assert 'device_control_reg' in '// Minimal SystemVerilog fallback\nmodule pcileech_controller (\n    input wire clk,\n    input wire rst\n);\nendmodule\n'</failure></testcase><testcase classname="tests.test_build.TestSystemVerilogGeneration" name="test_build_sv_complex_timing" time="0.005"><failure message="AssertionError: assert 'reg_complex_delay_counter' in '// Minimal SystemVerilog fallback\nmodule pcileech_controller (\n    input wire clk,\n    input wire rst\n);\nendmodule\n'">tests/test_build.py:351: in test_build_sv_complex_timing
    assert "reg_complex_delay_counter" in sv_content
E   AssertionError: assert 'reg_complex_delay_counter' in '// Minimal SystemVerilog fallback\nmodule pcileech_controller (\n    input wire clk,\n    input wire rst\n);\nendmodule\n'</failure></testcase><testcase classname="tests.test_build.TestStateMachineGeneration" name="test_generate_register_state_machine_simple" time="0.001"><failure message="AssertionError: assert 'test_reg_state_0' in {'base_offset': 1024, 'initial_state': 'STATE_0', 'register': 'test_reg', 'sequences': [{'function': 'init', 'operation': 'write', 'position': 0}, {'function': 'init', 'operation': 'read', 'position': 1}], ...}">tests/test_build.py:373: in test_generate_register_state_machine_simple
    assert "test_reg_state_0" in state_machine
E   AssertionError: assert 'test_reg_state_0' in {'base_offset': 1024, 'initial_state': 'STATE_0', 'register': 'test_reg', 'sequences': [{'function': 'init', 'operation': 'write', 'position': 0}, {'function': 'init', 'operation': 'read', 'position': 1}], ...}</failure></testcase><testcase classname="tests.test_build.TestStateMachineGeneration" name="test_generate_register_state_machine_insufficient_sequences" time="0.001"><failure message="AssertionError: assert {} == ''">tests/test_build.py:385: in test_generate_register_state_machine_insufficient_sequences
    assert state_machine == ""
E   AssertionError: assert {} == ''</failure></testcase><testcase classname="tests.test_build.TestStateMachineGeneration" name="test_generate_device_state_machine" time="0.001"><failure message="AssertionError: assert 'DEVICE_RESET' in {'device_states': ['INIT', 'READY', 'ACTIVE', 'ERROR'], 'register_count': 2, 'registers': ['reg_ctrl', 'reg_status'], 'state_transitions': [{'from': 'INIT', 'to': 'READY', 'trigger': 'initialization_complete'}, {'from': 'READY', 'to': 'ACTIVE', 'trigger': 'operation_start'}, {'from': 'ACTIVE', 'to': 'READY', 'trigger': 'operation_complete'}, {'from': '*', 'to': 'ERROR', 'trigger': 'error_condition'}]}">tests/test_build.py:391: in test_generate_device_state_machine
    assert "DEVICE_RESET" in state_machine
E   AssertionError: assert 'DEVICE_RESET' in {'device_states': ['INIT', 'READY', 'ACTIVE', 'ERROR'], 'register_count': 2, 'registers': ['reg_ctrl', 'reg_status'], 'state_transitions': [{'from': 'INIT', 'to': 'READY', 'trigger': 'initialization_complete'}, {'from': 'READY', 'to': 'ACTIVE', 'trigger': 'operation_start'}, {'from': 'ACTIVE', 'to': 'READY', 'trigger': 'operation_complete'}, {'from': '*', 'to': 'ERROR', 'trigger': 'error_condition'}]}</failure></testcase><testcase classname="tests.test_build.TestStateMachineGeneration" name="test_generate_device_state_machine_empty_regs" time="0.001"><failure message="AssertionError: assert 'DEVICE_RESET' in {'registers': [], 'states': ['IDLE']}">tests/test_build.py:405: in test_generate_device_state_machine_empty_regs
    assert "DEVICE_RESET" in state_machine
E   AssertionError: assert 'DEVICE_RESET' in {'registers': [], 'states': ['IDLE']}</failure></testcase><testcase classname="tests.test_build.TestTCLGeneration" name="test_code_from_bytes_valid" time="0.001" /><testcase classname="tests.test_build.TestTCLGeneration" name="test_code_from_bytes_invalid" time="0.001" /><testcase classname="tests.test_build.TestTCLGeneration" name="test_build_tcl_success" time="0.012"><failure message="AssertionError: assert '0x8086' in '# Project Setup TCL - Generated for pcileech_35t325_x4\ncreate_project pcileech_firmware ./vivado_project -part xc7a35tcsg324-2 -force\nset_property target_language Verilog [current_project]\nset_property default_lib xil_defaultlib [current_project]\n'">tests/test_build.py:431: in test_build_tcl_success
    assert mock_donor_info["vendor_id"] in tcl_content
E   AssertionError: assert '0x8086' in '# Project Setup TCL - Generated for pcileech_35t325_x4\ncreate_project pcileech_firmware ./vivado_project -part xc7a35tcsg324-2 -force\nset_property target_language Verilog [current_project]\nset_property default_lib xil_defaultlib [current_project]\n'</failure></testcase><testcase classname="tests.test_build.TestTCLGeneration" name="test_build_tcl_unsupported_bar_size" time="0.009"><failure message="AssertionError: assert '128K' in '# Project Setup TCL - Generated for pcileech_35t325_x4\ncreate_project pcileech_firmware ./vivado_project -part xc7a35tcsg324-2 -force\nset_property target_language Verilog [current_project]\nset_property default_lib xil_defaultlib [current_project]\n'">tests/test_build.py:454: in test_build_tcl_unsupported_bar_size
    assert "128K" in tcl_content
E   AssertionError: assert '128K' in '# Project Setup TCL - Generated for pcileech_35t325_x4\ncreate_project pcileech_firmware ./vivado_project -part xc7a35tcsg324-2 -force\nset_property target_language Verilog [current_project]\nset_property default_lib xil_defaultlib [current_project]\n'</failure></testcase><testcase classname="tests.test_build.TestBoardConfiguration" name="test_board_info_constants" time="0.001"><failure message="AssertionError: assert 'gen' in {'root': 'xc7a35tcsg324-2'}">tests/test_build.py:484: in test_board_info_constants
    assert "gen" in info
E   AssertionError: assert 'gen' in {'root': 'xc7a35tcsg324-2'}</failure></testcase><testcase classname="tests.test_build.TestBoardConfiguration" name="test_aperture_constants" time="0.001" /><testcase classname="tests.test_build.TestUtilityFunctions" name="test_run_command_success" time="0.002"><failure message="AssertionError: expected call not found.&#10;Expected: run('echo test', shell=True, check=True)&#10;  Actual: run('echo test', shell=True, check=True, capture_output=True, text=True)&#10;&#10;pytest introspection follows:&#10;&#10;Kwargs:&#10;assert {'capture_out... 'text': True} == {'check': True, 'shell': True}&#10;  &#10;  Omitting 2 identical items, use -vv to show&#10;  Left contains 2 more items:&#10;  #x1B[0m{#x1B[33m'#x1B[39;49;00m#x1B[33mcapture_output#x1B[39;49;00m#x1B[33m'#x1B[39;49;00m: #x1B[94mTrue#x1B[39;49;00m, #x1B[33m'#x1B[39;49;00m#x1B[33mtext#x1B[39;49;00m#x1B[33m'#x1B[39;49;00m: #x1B[94mTrue#x1B[39;49;00m}#x1B[90m#x1B[39;49;00m&#10;  &#10;  Full diff:&#10;  #x1B[0m#x1B[90m #x1B[39;49;00m {#x1B[90m#x1B[39;49;00m...&#10;  &#10;  ...Full output truncated (5 lines hidden), use '-vv' to show">/Library/Frameworks/Python.framework/Versions/3.13/lib/python3.13/unittest/mock.py:977: in assert_called_with
    raise AssertionError(_error_message()) from cause
E   AssertionError: expected call not found.
E   Expected: run('echo test', shell=True, check=True)
E     Actual: run('echo test', shell=True, check=True, capture_output=True, text=True)

During handling of the above exception, another exception occurred:
/Library/Frameworks/Python.framework/Versions/3.13/lib/python3.13/unittest/mock.py:989: in assert_called_once_with
    return self.assert_called_with(*args, **kwargs)
E   AssertionError: expected call not found.
E   Expected: run('echo test', shell=True, check=True)
E     Actual: run('echo test', shell=True, check=True, capture_output=True, text=True)
E   
E   pytest introspection follows:
E   
E   Kwargs:
E   assert {'capture_out... 'text': True} == {'check': True, 'shell': True}
E     
E     Omitting 2 identical items, use -vv to show
E     Left contains 2 more items:
E     #x1B[0m{#x1B[33m'#x1B[39;49;00m#x1B[33mcapture_output#x1B[39;49;00m#x1B[33m'#x1B[39;49;00m: #x1B[94mTrue#x1B[39;49;00m, #x1B[33m'#x1B[39;49;00m#x1B[33mtext#x1B[39;49;00m#x1B[33m'#x1B[39;49;00m: #x1B[94mTrue#x1B[39;49;00m}#x1B[90m#x1B[39;49;00m
E     
E     Full diff:
E     #x1B[0m#x1B[90m #x1B[39;49;00m {#x1B[90m#x1B[39;49;00m...
E     
E     ...Full output truncated (5 lines hidden), use '-vv' to show

During handling of the above exception, another exception occurred:
tests/test_build.py:508: in test_run_command_success
    mock_run.assert_called_once_with("echo test", shell=True, check=True)
E   AssertionError: expected call not found.
E   Expected: run('echo test', shell=True, check=True)
E     Actual: run('echo test', shell=True, check=True, capture_output=True, text=True)
E   
E   pytest introspection follows:
E   
E   Kwargs:
E   assert {'capture_out... 'text': True} == {'check': True, 'shell': True}
E     
E     Omitting 2 identical items, use -vv to show
E     Left contains 2 more items:
E     #x1B[0m{#x1B[33m'#x1B[39;49;00m#x1B[33mcapture_output#x1B[39;49;00m#x1B[33m'#x1B[39;49;00m: #x1B[94mTrue#x1B[39;49;00m, #x1B[33m'#x1B[39;49;00m#x1B[33mtext#x1B[39;49;00m#x1B[33m'#x1B[39;49;00m: #x1B[94mTrue#x1B[39;49;00m}#x1B[90m#x1B[39;49;00m
E     
E     Full diff:
E     #x1B[0m#x1B[90m #x1B[39;49;00m {#x1B[90m#x1B[39;49;00m...
E     
E     ...Full output truncated (5 lines hidden), use '-vv' to show</failure></testcase><testcase classname="tests.test_build.TestUtilityFunctions" name="test_run_command_failure" time="0.001" /><testcase classname="tests.test_build.TestIntegrationScenarios" name="test_full_build_workflow" time="0.001"><failure message="AttributeError: &lt;module 'build' from '/Users/ramseymcgrath/code/PCILeechFWGenerator/src/build.py'&gt; does not have the attribute 'get_donor_info'">/Library/Frameworks/Python.framework/Versions/3.13/lib/python3.13/unittest/mock.py:1421: in patched
    with self.decoration_helper(patched,
/Library/Frameworks/Python.framework/Versions/3.13/lib/python3.13/contextlib.py:141: in __enter__
    return next(self.gen)
/Library/Frameworks/Python.framework/Versions/3.13/lib/python3.13/unittest/mock.py:1403: in decoration_helper
    arg = exit_stack.enter_context(patching)
/Library/Frameworks/Python.framework/Versions/3.13/lib/python3.13/contextlib.py:530: in enter_context
    result = _enter(cm)
/Library/Frameworks/Python.framework/Versions/3.13/lib/python3.13/unittest/mock.py:1495: in __enter__
    original, local = self.get_original()
/Library/Frameworks/Python.framework/Versions/3.13/lib/python3.13/unittest/mock.py:1465: in get_original
    raise AttributeError(
E   AttributeError: &lt;module 'build' from '/Users/ramseymcgrath/code/PCILeechFWGenerator/src/build.py'&gt; does not have the attribute 'get_donor_info'</failure></testcase><testcase classname="tests.test_build.TestErrorHandlingAndEdgeCases" name="test_empty_register_list_handling" time="0.005"><failure message="AssertionError: assert 'device_control_reg' in '// Minimal SystemVerilog fallback\nmodule pcileech_controller (\n    input wire clk,\n    input wire rst\n);\nendmodule\n'">tests/test_build.py:582: in test_empty_register_list_handling
    assert "device_control_reg" in sv_content
E   AssertionError: assert 'device_control_reg' in '// Minimal SystemVerilog fallback\nmodule pcileech_controller (\n    input wire clk,\n    input wire rst\n);\nendmodule\n'</failure></testcase><testcase classname="tests.test_build.TestErrorHandlingAndEdgeCases" name="test_malformed_register_data" time="0.005"><failure message="Failed: DID NOT RAISE (&lt;class 'ValueError'&gt;, &lt;class 'TypeError'&gt;)">tests/test_build.py:596: in test_malformed_register_data
    with pytest.raises((ValueError, TypeError)):
E   Failed: DID NOT RAISE (&lt;class 'ValueError'&gt;, &lt;class 'TypeError'&gt;)</failure></testcase><testcase classname="tests.test_build.TestErrorHandlingAndEdgeCases" name="test_missing_context_data" time="0.005" /><testcase classname="tests.test_build.TestPerformanceAndScaling" name="test_large_register_set_generation" time="0.006" /><testcase classname="tests.test_build.TestPerformanceAndScaling" name="test_memory_usage_with_large_datasets" time="0.035" /><testcase classname="tests.test_build.TestRegressionPrevention" name="test_register_offset_formatting" time="0.005"><failure message="assert &quot;32'h00000400&quot; in '// Minimal SystemVerilog fallback\nmodule pcileech_controller (\n    input wire clk,\n    input wire rst\n);\nendmodule\n'">tests/test_build.py:693: in test_register_offset_formatting
    assert "32'h00000400" in sv_content
E   assert "32'h00000400" in '// Minimal SystemVerilog fallback\nmodule pcileech_controller (\n    input wire clk,\n    input wire rst\n);\nendmodule\n'</failure></testcase><testcase classname="tests.test_build.TestRegressionPrevention" name="test_special_character_handling_in_names" time="0.005"><failure message="AssertionError: assert 'reg_with_underscores_123_reg' in '// Minimal SystemVerilog fallback\nmodule pcileech_controller (\n    input wire clk,\n    input wire rst\n);\nendmodule\n'">tests/test_build.py:713: in test_special_character_handling_in_names
    assert "reg_with_underscores_123_reg" in sv_content
E   AssertionError: assert 'reg_with_underscores_123_reg' in '// Minimal SystemVerilog fallback\nmodule pcileech_controller (\n    input wire clk,\n    input wire rst\n);\nendmodule\n'</failure></testcase><testcase classname="tests.test_build.TestRegressionPrevention" name="test_timing_calculation_edge_cases" time="0.005"><failure message="AssertionError: assert 'zero_delay_reg_delay_counter &lt;= 1' in '// Minimal SystemVerilog fallback\nmodule pcileech_controller (\n    input wire clk,\n    input wire rst\n);\nendmodule\n'">tests/test_build.py:746: in test_timing_calculation_edge_cases
    assert "zero_delay_reg_delay_counter &lt;= 1" in sv_content
E   AssertionError: assert 'zero_delay_reg_delay_counter &lt;= 1' in '// Minimal SystemVerilog fallback\nmodule pcileech_controller (\n    input wire clk,\n    input wire rst\n);\nendmodule\n'</failure></testcase><testcase classname="tests.test_build.TestRefactoredBuildSystem" name="test_template_based_tcl_generation" time="0.001" /><testcase classname="tests.test_build.TestRefactoredBuildSystem" name="test_backward_compatibility_api" time="0.001"><failure message="AssertionError: assert False&#10; +  where False = hasattr(build, 'get_donor_info')">tests/test_build.py:801: in test_backward_compatibility_api
    assert hasattr(build, "get_donor_info")
E   AssertionError: assert False
E    +  where False = hasattr(build, 'get_donor_info')</failure></testcase><testcase classname="tests.test_build.TestRefactoredBuildSystem" name="test_safe_import_integration" time="0.001" /><testcase classname="tests.test_build.TestRefactoredBuildSystem" name="test_template_vs_legacy_output_equivalence" time="0.010" /><testcase classname="tests.test_build.TestRefactoredBuildSystem" name="test_fpga_strategy_integration" time="0.001"><failure message="AttributeError: &lt;module 'build' from '/Users/ramseymcgrath/code/PCILeechFWGenerator/src/build.py'&gt; does not have the attribute 'select_pcie_ip_core'">/Library/Frameworks/Python.framework/Versions/3.13/lib/python3.13/unittest/mock.py:1421: in patched
    with self.decoration_helper(patched,
/Library/Frameworks/Python.framework/Versions/3.13/lib/python3.13/contextlib.py:141: in __enter__
    return next(self.gen)
/Library/Frameworks/Python.framework/Versions/3.13/lib/python3.13/unittest/mock.py:1403: in decoration_helper
    arg = exit_stack.enter_context(patching)
/Library/Frameworks/Python.framework/Versions/3.13/lib/python3.13/contextlib.py:530: in enter_context
    result = _enter(cm)
/Library/Frameworks/Python.framework/Versions/3.13/lib/python3.13/unittest/mock.py:1495: in __enter__
    original, local = self.get_original()
/Library/Frameworks/Python.framework/Versions/3.13/lib/python3.13/unittest/mock.py:1465: in get_original
    raise AttributeError(
E   AttributeError: &lt;module 'build' from '/Users/ramseymcgrath/code/PCILeechFWGenerator/src/build.py'&gt; does not have the attribute 'select_pcie_ip_core'</failure></testcase><testcase classname="tests.test_build.TestRefactoredBuildSystem" name="test_constants_integration" time="0.001" /><testcase classname="tests.test_build.TestRefactoredBuildSystem" name="test_helper_function_integration" time="0.001" /><testcase classname="tests.test_build.TestRefactoredBuildSystem" name="test_error_handling_with_refactored_components" time="0.001" /><testcase classname="tests.test_build.TestPerformanceComparison" name="test_tcl_generation_performance" time="0.080" /><testcase classname="tests.test_build.TestPerformanceComparison" name="test_memory_usage_comparison" time="0.803" /><testcase classname="tests.test_build.TestMigrationCompatibility" name="test_gradual_migration_support" time="0.001" /><testcase classname="tests.test_build.TestMigrationCompatibility" name="test_configuration_migration" time="0.001" /><testcase classname="tests.test_build.TestMigrationCompatibility" name="test_api_consistency" time="0.009" /><testcase classname="tests.test_build_helpers.TestSafeImportWithFallback" name="test_successful_primary_import" time="0.001" /><testcase classname="tests.test_build_helpers.TestSafeImportWithFallback" name="test_fallback_import_success" time="0.001" /><testcase classname="tests.test_build_helpers.TestSafeImportWithFallback" name="test_both_imports_fail_with_fallback_value" time="0.001" /><testcase classname="tests.test_build_helpers.TestSafeImportWithFallback" name="test_both_imports_fail_no_fallback_value" time="0.001" /><testcase classname="tests.test_build_helpers.TestSafeImportWithFallback" name="test_simple_module_import" time="0.001" /><testcase classname="tests.test_build_helpers.TestSafeImportWithFallback" name="test_multiple_imports" time="0.001" /><testcase classname="tests.test_build_helpers.TestSafeImportWithFallback" name="test_empty_imports" time="0.001" /><testcase classname="tests.test_build_helpers.TestSafeImportWithFallback" name="test_none_fallback_parameters" time="0.001" /><testcase classname="tests.test_build_helpers.TestSelectPcieIpCore" name="test_artix7_35t_selection" time="0.001" /><testcase classname="tests.test_build_helpers.TestSelectPcieIpCore" name="test_artix7_75t_selection" time="0.001" /><testcase classname="tests.test_build_helpers.TestSelectPcieIpCore" name="test_kintex7_selection" time="0.001" /><testcase classname="tests.test_build_helpers.TestSelectPcieIpCore" name="test_zynq_ultrascale_selection" time="0.001" /><testcase classname="tests.test_build_helpers.TestSelectPcieIpCore" name="test_unknown_part_default" time="0.001" /><testcase classname="tests.test_build_helpers.TestWriteTclFileWithLogging" name="test_successful_file_write" time="0.001" /><testcase classname="tests.test_build_helpers.TestWriteTclFileWithLogging" name="test_create_parent_directories" time="0.001" /><testcase classname="tests.test_build_helpers.TestWriteTclFileWithLogging" name="test_custom_logger" time="0.001" /><testcase classname="tests.test_build_helpers.TestWriteTclFileWithLogging" name="test_file_write_error" time="0.002" /><testcase classname="tests.test_build_helpers.TestWriteTclFileWithLogging" name="test_string_path_input" time="0.001" /><testcase classname="tests.test_build_helpers.TestFpgaStrategySelector" name="test_artix7_35t_strategy" time="0.001" /><testcase classname="tests.test_build_helpers.TestFpgaStrategySelector" name="test_artix7_75t_strategy" time="0.001" /><testcase classname="tests.test_build_helpers.TestFpgaStrategySelector" name="test_kintex7_strategy" time="0.001" /><testcase classname="tests.test_build_helpers.TestFpgaStrategySelector" name="test_zynq_ultrascale_strategy" time="0.001" /><testcase classname="tests.test_build_helpers.TestFpgaStrategySelector" name="test_default_strategy" time="0.001" /><testcase classname="tests.test_build_helpers.TestFpgaStrategySelector" name="test_case_insensitive_matching" time="0.001" /><testcase classname="tests.test_build_helpers.TestBatchWriteTclFiles" name="test_successful_batch_write" time="0.002" /><testcase classname="tests.test_build_helpers.TestBatchWriteTclFiles" name="test_partial_failure_batch_write" time="0.001" /><testcase classname="tests.test_build_helpers.TestBatchWriteTclFiles" name="test_custom_logger_batch_write" time="0.001" /><testcase classname="tests.test_build_helpers.TestBatchWriteTclFiles" name="test_empty_contents_batch_write" time="0.001" /><testcase classname="tests.test_build_helpers.TestValidateFpgaPart" name="test_validate_known_parts" time="0.001" /><testcase classname="tests.test_build_helpers.TestValidateFpgaPart" name="test_validate_unknown_but_valid_format" time="0.001" /><testcase classname="tests.test_build_helpers.TestValidateFpgaPart" name="test_validate_invalid_parts" time="0.001" /><testcase classname="tests.test_build_helpers.TestValidateFpgaPart" name="test_validate_with_constants_import_error" time="0.001"><failure message="AttributeError: &lt;module 'build_helpers' from '/Users/ramseymcgrath/code/PCILeechFWGenerator/src/build_helpers.py'&gt; does not have the attribute 'BOARD_PARTS'">tests/test_build_helpers.py:487: in test_validate_with_constants_import_error
    with patch("build_helpers.BOARD_PARTS", side_effect=ImportError):
/Library/Frameworks/Python.framework/Versions/3.13/lib/python3.13/unittest/mock.py:1495: in __enter__
    original, local = self.get_original()
/Library/Frameworks/Python.framework/Versions/3.13/lib/python3.13/unittest/mock.py:1465: in get_original
    raise AttributeError(
E   AttributeError: &lt;module 'build_helpers' from '/Users/ramseymcgrath/code/PCILeechFWGenerator/src/build_helpers.py'&gt; does not have the attribute 'BOARD_PARTS'</failure></testcase><testcase classname="tests.test_build_helpers.TestValidateFpgaPart" name="test_validate_case_insensitive" time="0.001" /><testcase classname="tests.test_build_helpers.TestValidateFpgaPart" name="test_validate_none_input" time="0.001" /><testcase classname="tests.test_build_helpers.TestIntegrationScenarios" name="test_complete_fpga_configuration_workflow" time="0.001" /><testcase classname="tests.test_build_helpers.TestIntegrationScenarios" name="test_batch_tcl_generation_with_strategy" time="0.001" /><testcase classname="tests.test_build_helpers.TestIntegrationScenarios" name="test_error_handling_integration" time="0.001" /><testcase classname="tests.test_build_helpers.TestLoggingBehavior" name="test_write_tcl_file_logging_levels" time="0.001" /><testcase classname="tests.test_build_helpers.TestLoggingBehavior" name="test_batch_write_logging_summary" time="0.002" /><testcase classname="tests.test_build_integration.TestBuildWithExternalExamples" name="test_build_sv_with_example_registers" time="0.299"><failure message="AssertionError: assert False&#10; +  where False = exists()&#10; +    where exists = PosixPath('/var/folders/pz/zdq1ptxs0h3700ssftp1vlch0000gn/T/tmpt3s_0p4p/example_controller.sv').exists">tests/test_build_integration.py:178: in test_build_sv_with_example_registers
    assert target_file.exists()
E   AssertionError: assert False
E    +  where False = exists()
E    +    where exists = PosixPath('/var/folders/pz/zdq1ptxs0h3700ssftp1vlch0000gn/T/tmpt3s_0p4p/example_controller.sv').exists</failure></testcase><testcase classname="tests.test_build_integration.TestBuildWithExternalExamples" name="test_build_tcl_with_example_donor_info" time="0.003"><failure message="AssertionError: assert ('128_KB' in '# Generated TCL for 0x1814:0x0201\nset_property BITSTREAM.GENERAL.COMPRESS TRUE [current_design]\nset_property CFGBVS VCCO [current_design]\nset_property CONFIG_VOLTAGE 3.3 [current_design]\n' or '128K' in '# Generated TCL for 0x1814:0x0201\nset_property BITSTREAM.GENERAL.COMPRESS TRUE [current_design]\nset_property CFGBVS VCCO [current_design]\nset_property CONFIG_VOLTAGE 3.3 [current_design]\n')">tests/test_build_integration.py:230: in test_build_tcl_with_example_donor_info
    assert "128_KB" in tcl_content or "128K" in tcl_content  # BAR size conversion
E   AssertionError: assert ('128_KB' in '# Generated TCL for 0x1814:0x0201\nset_property BITSTREAM.GENERAL.COMPRESS TRUE [current_design]\nset_property CFGBVS VCCO [current_design]\nset_property CONFIG_VOLTAGE 3.3 [current_design]\n' or '128K' in '# Generated TCL for 0x1814:0x0201\nset_property BITSTREAM.GENERAL.COMPRESS TRUE [current_design]\nset_property CFGBVS VCCO [current_design]\nset_property CONFIG_VOLTAGE 3.3 [current_design]\n')</failure></testcase><testcase classname="tests.test_build_integration.TestBuildWithExternalExamples" name="test_full_build_workflow_with_example_data" time="0.111"><failure message="AttributeError: &lt;module 'build' from '/Users/ramseymcgrath/code/PCILeechFWGenerator/src/build.py'&gt; does not have the attribute 'get_donor_info'">/Library/Frameworks/Python.framework/Versions/3.13/lib/python3.13/unittest/mock.py:1421: in patched
    with self.decoration_helper(patched,
/Library/Frameworks/Python.framework/Versions/3.13/lib/python3.13/contextlib.py:141: in __enter__
    return next(self.gen)
/Library/Frameworks/Python.framework/Versions/3.13/lib/python3.13/unittest/mock.py:1403: in decoration_helper
    arg = exit_stack.enter_context(patching)
/Library/Frameworks/Python.framework/Versions/3.13/lib/python3.13/contextlib.py:530: in enter_context
    result = _enter(cm)
/Library/Frameworks/Python.framework/Versions/3.13/lib/python3.13/unittest/mock.py:1495: in __enter__
    original, local = self.get_original()
/Library/Frameworks/Python.framework/Versions/3.13/lib/python3.13/unittest/mock.py:1465: in get_original
    raise AttributeError(
E   AttributeError: &lt;module 'build' from '/Users/ramseymcgrath/code/PCILeechFWGenerator/src/build.py'&gt; does not have the attribute 'get_donor_info'</failure></testcase><testcase classname="tests.test_build_integration.TestBuildWithExternalExamples" name="test_behavior_profiling_integration" time="0.112"><failure message="AttributeError: &lt;module 'build' from '/Users/ramseymcgrath/code/PCILeechFWGenerator/src/build.py'&gt; does not have the attribute 'BehaviorProfiler'">/Library/Frameworks/Python.framework/Versions/3.13/lib/python3.13/unittest/mock.py:1421: in patched
    with self.decoration_helper(patched,
/Library/Frameworks/Python.framework/Versions/3.13/lib/python3.13/contextlib.py:141: in __enter__
    return next(self.gen)
/Library/Frameworks/Python.framework/Versions/3.13/lib/python3.13/unittest/mock.py:1403: in decoration_helper
    arg = exit_stack.enter_context(patching)
/Library/Frameworks/Python.framework/Versions/3.13/lib/python3.13/contextlib.py:530: in enter_context
    result = _enter(cm)
/Library/Frameworks/Python.framework/Versions/3.13/lib/python3.13/unittest/mock.py:1495: in __enter__
    original, local = self.get_original()
/Library/Frameworks/Python.framework/Versions/3.13/lib/python3.13/unittest/mock.py:1465: in get_original
    raise AttributeError(
E   AttributeError: &lt;module 'build' from '/Users/ramseymcgrath/code/PCILeechFWGenerator/src/build.py'&gt; does not have the attribute 'BehaviorProfiler'</failure></testcase><testcase classname="tests.test_build_integration.TestAdvancedSVWithExternalExamples" name="test_advanced_sv_with_example_registers" time="0.112"><failure message="TypeError: int() can't convert non-string with explicit base">tests/test_build_integration.py:471: in test_advanced_sv_with_example_registers
    sv_content = generator.generate_advanced_systemverilog(
src/systemverilog_generator.py:515: in generate_advanced_systemverilog
    self.generate_register_logic(regs, variance_model)
src/systemverilog_generator.py:285: in generate_register_logic
    else int(reg["offset"], 16)
E   TypeError: int() can't convert non-string with explicit base</failure></testcase><testcase classname="tests.test_build_integration.TestAdvancedSVWithExternalExamples" name="test_variance_model_with_example_registers" time="0.121"><failure message="TypeError: int() can't convert non-string with explicit base">tests/test_build_integration.py:517: in test_variance_model_with_example_registers
    sv_content = generator.generate_advanced_systemverilog(
src/systemverilog_generator.py:515: in generate_advanced_systemverilog
    self.generate_register_logic(regs, variance_model)
src/systemverilog_generator.py:285: in generate_register_logic
    else int(reg["offset"], 16)
E   TypeError: int() can't convert non-string with explicit base</failure></testcase><testcase classname="tests.test_build_integration.TestBuildScriptIntegration" name="test_build_script_with_example_files" time="0.249"><failure message="AttributeError: &lt;module 'build' from '/Users/ramseymcgrath/code/PCILeechFWGenerator/src/build.py'&gt; does not have the attribute 'get_donor_info'">tests/test_build_integration.py:571: in test_build_script_with_example_files
    with patch("build.get_donor_info") as mock_donor:
/Library/Frameworks/Python.framework/Versions/3.13/lib/python3.13/unittest/mock.py:1495: in __enter__
    original, local = self.get_original()
/Library/Frameworks/Python.framework/Versions/3.13/lib/python3.13/unittest/mock.py:1465: in get_original
    raise AttributeError(
E   AttributeError: &lt;module 'build' from '/Users/ramseymcgrath/code/PCILeechFWGenerator/src/build.py'&gt; does not have the attribute 'get_donor_info'</failure></testcase><testcase classname="tests.test_build_integration.TestBuildScriptIntegration" name="test_tcl_script_execution_with_example" time="0.057"><failure message="AssertionError: expected call not found.&#10;Expected: run('/opt/Xilinx/Vivado/2023.1/bin/vivado -mode batch -source /var/folders/pz/zdq1ptxs0h3700ssftp1vlch0000gn/T/tmpkhfhc0cy/vivado_generate_project.tcl', shell=True, check=True)&#10;  Actual: run('/opt/Xilinx/Vivado/2023.1/bin/vivado -mode batch -source /var/folders/pz/zdq1ptxs0h3700ssftp1vlch0000gn/T/tmpkhfhc0cy/vivado_generate_project.tcl', shell=True, check=True, capture_output=True, text=True)&#10;&#10;pytest introspection follows:&#10;&#10;Kwargs:&#10;assert {'capture_out... 'text': True} == {'check': True, 'shell': True}&#10;  &#10;  Omitting 2 identical items, use -vv to show&#10;  Left contains 2 more items:&#10;  #x1B[0m{#x1B[33m'#x1B[39;49;00m#x1B[33mcapture_output#x1B[39;49;00m#x1B[33m'#x1B[39;49;00m: #x1B[94mTrue#x1B[39;49;00m, #x1B[33m'#x1B[39;49;00m#x1B[33mtext#x1B[39;49;00m#x1B[33m'#x1B[39;49;00m: #x1B[94mTrue#x1B[39;49;00m}#x1B[90m#x1B[39;49;00m&#10;  &#10;  Full diff:&#10;  #x1B[0m#x1B[90m #x1B[39;49;00m {#x1B[90m#x1B[39;49;00m...&#10;  &#10;  ...Full output truncated (5 lines hidden), use '-vv' to show">/Library/Frameworks/Python.framework/Versions/3.13/lib/python3.13/unittest/mock.py:977: in assert_called_with
    raise AssertionError(_error_message()) from cause
E   AssertionError: expected call not found.
E   Expected: run('/opt/Xilinx/Vivado/2023.1/bin/vivado -mode batch -source /var/folders/pz/zdq1ptxs0h3700ssftp1vlch0000gn/T/tmpkhfhc0cy/vivado_generate_project.tcl', shell=True, check=True)
E     Actual: run('/opt/Xilinx/Vivado/2023.1/bin/vivado -mode batch -source /var/folders/pz/zdq1ptxs0h3700ssftp1vlch0000gn/T/tmpkhfhc0cy/vivado_generate_project.tcl', shell=True, check=True, capture_output=True, text=True)

During handling of the above exception, another exception occurred:
tests/test_build_integration.py:628: in test_tcl_script_execution_with_example
    mock_run.assert_called_with(cmd, shell=True, check=True)
E   AssertionError: expected call not found.
E   Expected: run('/opt/Xilinx/Vivado/2023.1/bin/vivado -mode batch -source /var/folders/pz/zdq1ptxs0h3700ssftp1vlch0000gn/T/tmpkhfhc0cy/vivado_generate_project.tcl', shell=True, check=True)
E     Actual: run('/opt/Xilinx/Vivado/2023.1/bin/vivado -mode batch -source /var/folders/pz/zdq1ptxs0h3700ssftp1vlch0000gn/T/tmpkhfhc0cy/vivado_generate_project.tcl', shell=True, check=True, capture_output=True, text=True)
E   
E   pytest introspection follows:
E   
E   Kwargs:
E   assert {'capture_out... 'text': True} == {'check': True, 'shell': True}
E     
E     Omitting 2 identical items, use -vv to show
E     Left contains 2 more items:
E     #x1B[0m{#x1B[33m'#x1B[39;49;00m#x1B[33mcapture_output#x1B[39;49;00m#x1B[33m'#x1B[39;49;00m: #x1B[94mTrue#x1B[39;49;00m, #x1B[33m'#x1B[39;49;00m#x1B[33mtext#x1B[39;49;00m#x1B[33m'#x1B[39;49;00m: #x1B[94mTrue#x1B[39;49;00m}#x1B[90m#x1B[39;49;00m
E     
E     Full diff:
E     #x1B[0m#x1B[90m #x1B[39;49;00m {#x1B[90m#x1B[39;49;00m...
E     
E     ...Full output truncated (5 lines hidden), use '-vv' to show</failure></testcase><testcase classname="tests.test_capability_pruning.TestCapabilityPruning" name="test_capability_chain_integrity" time="0.001"><failure message="AssertionError: 0 != 3">tests/test_capability_pruning.py:272: in test_capability_chain_integrity
    self.assertEqual(len(pruned_caps), 3)
E   AssertionError: 0 != 3</failure></testcase><testcase classname="tests.test_capability_pruning.TestCapabilityPruning" name="test_complex_capability_configuration" time="0.001"><failure message="AssertionError: unexpectedly None">tests/test_capability_pruning.py:441: in test_complex_capability_configuration
    self.assertIsNotNone(find_cap(pruned_config, PCICapabilityID.PCI_EXPRESS.value))
E   AssertionError: unexpectedly None</failure></testcase><testcase classname="tests.test_capability_pruning.TestCapabilityPruning" name="test_empty_capability_chain" time="0.001" /><testcase classname="tests.test_capability_pruning.TestCapabilityPruning" name="test_extended_capability_pruning" time="0.001"><failure message="AssertionError: 0 != 4">tests/test_capability_pruning.py:359: in test_extended_capability_pruning
    self.assertEqual(len(ext_caps), 4)
E   AssertionError: 0 != 4</failure></testcase><testcase classname="tests.test_capability_pruning.TestCapabilityPruning" name="test_pcie_capability_modification" time="0.001"><failure message="AssertionError: None != 64">tests/test_capability_pruning.py:521: in test_pcie_capability_modification
    self.assertEqual(pcie_offset, 0x40)
E   AssertionError: None != 64</failure></testcase><testcase classname="tests.test_capability_pruning.TestCapabilityPruning" name="test_pruning_specific_capability_types" time="0.001"><failure message="AssertionError: 0 != 5">tests/test_capability_pruning.py:173: in test_pruning_specific_capability_types
    self.assertEqual(len(caps), 5)
E   AssertionError: 0 != 5</failure></testcase><testcase classname="tests.test_capability_pruning_integration.TestCapabilityPruningIntegration" name="test_capability_pruning_disabled" time="0.001"><failure message="AttributeError: &lt;module 'src.build' from '/Users/ramseymcgrath/code/PCILeechFWGenerator/src/build.py'&gt; does not have the attribute 'vivado_run'">/Library/Frameworks/Python.framework/Versions/3.13/lib/python3.13/unittest/mock.py:1421: in patched
    with self.decoration_helper(patched,
/Library/Frameworks/Python.framework/Versions/3.13/lib/python3.13/contextlib.py:141: in __enter__
    return next(self.gen)
/Library/Frameworks/Python.framework/Versions/3.13/lib/python3.13/unittest/mock.py:1403: in decoration_helper
    arg = exit_stack.enter_context(patching)
/Library/Frameworks/Python.framework/Versions/3.13/lib/python3.13/contextlib.py:530: in enter_context
    result = _enter(cm)
/Library/Frameworks/Python.framework/Versions/3.13/lib/python3.13/unittest/mock.py:1495: in __enter__
    original, local = self.get_original()
/Library/Frameworks/Python.framework/Versions/3.13/lib/python3.13/unittest/mock.py:1465: in get_original
    raise AttributeError(
E   AttributeError: &lt;module 'src.build' from '/Users/ramseymcgrath/code/PCILeechFWGenerator/src/build.py'&gt; does not have the attribute 'vivado_run'</failure></testcase><testcase classname="tests.test_capability_pruning_integration.TestCapabilityPruningIntegration" name="test_capability_pruning_integration" time="0.001"><failure message="AttributeError: &lt;module 'src.build' from '/Users/ramseymcgrath/code/PCILeechFWGenerator/src/build.py'&gt; does not have the attribute 'vivado_run'">/Library/Frameworks/Python.framework/Versions/3.13/lib/python3.13/unittest/mock.py:1421: in patched
    with self.decoration_helper(patched,
/Library/Frameworks/Python.framework/Versions/3.13/lib/python3.13/contextlib.py:141: in __enter__
    return next(self.gen)
/Library/Frameworks/Python.framework/Versions/3.13/lib/python3.13/unittest/mock.py:1403: in decoration_helper
    arg = exit_stack.enter_context(patching)
/Library/Frameworks/Python.framework/Versions/3.13/lib/python3.13/contextlib.py:530: in enter_context
    result = _enter(cm)
/Library/Frameworks/Python.framework/Versions/3.13/lib/python3.13/unittest/mock.py:1495: in __enter__
    original, local = self.get_original()
/Library/Frameworks/Python.framework/Versions/3.13/lib/python3.13/unittest/mock.py:1465: in get_original
    raise AttributeError(
E   AttributeError: &lt;module 'src.build' from '/Users/ramseymcgrath/code/PCILeechFWGenerator/src/build.py'&gt; does not have the attribute 'vivado_run'</failure></testcase><testcase classname="tests.test_config_space_extraction.TestConfigSpaceExtraction" name="test_save_config_space_hex" time="0.002" /><testcase classname="tests.test_config_space_extraction.TestConfigSpaceExtraction" name="test_save_donor_info_with_config_space" time="0.002" /><testcase classname="tests.test_config_space_extraction.TestConfigSpaceExtraction" name="test_setup_module_with_config_extraction" time="0.002" /><testcase classname="tests.test_config_space_extraction.TestConfigSpaceExtraction" name="test_synthetic_config_space_generation" time="0.009" /><testcase classname="tests.test_config_space_shadow.TestConfigSpaceShadow" name="test_save_config_space_hex" time="0.002"><failure message="AssertionError: 1024 != 512">tests/test_config_space_shadow.py:63: in test_save_config_space_hex
    self.assertEqual(len(lines), 512)
E   AssertionError: 1024 != 512</failure></testcase><testcase classname="tests.test_config_space_shadow.TestConfigSpaceShadow" name="test_save_donor_info_with_config_space" time="0.002" /><testcase classname="tests.test_config_space_shadow.TestConfigSpaceShadow" name="test_setup_module_with_config_extraction" time="0.002" /><testcase classname="tests.test_config_space_shadow.TestConfigSpaceShadow" name="test_synthetic_config_space_generation" time="0.007" /><testcase classname="tests.test_constants.TestBoardPartsMapping" name="test_board_parts_not_empty" time="0.001" /><testcase classname="tests.test_constants.TestBoardPartsMapping" name="test_original_boards_present" time="0.001" /><testcase classname="tests.test_constants.TestBoardPartsMapping" name="test_captaindma_boards_present" time="0.001" /><testcase classname="tests.test_constants.TestBoardPartsMapping" name="test_other_boards_present" time="0.001" /><testcase classname="tests.test_constants.TestBoardPartsMapping" name="test_fpga_part_format_validity" time="0.001" /><testcase classname="tests.test_constants.TestBoardPartsMapping" name="test_artix7_parts_mapping" time="0.001" /><testcase classname="tests.test_constants.TestBoardPartsMapping" name="test_zynq_ultrascale_parts_mapping" time="0.001" /><testcase classname="tests.test_constants.TestBoardPartsMapping" name="test_no_duplicate_values" time="0.001" /><testcase classname="tests.test_constants.TestDefaultFpgaPart" name="test_default_fpga_part_defined" time="0.001" /><testcase classname="tests.test_constants.TestDefaultFpgaPart" name="test_default_fpga_part_valid_format" time="0.001" /><testcase classname="tests.test_constants.TestDefaultFpgaPart" name="test_default_fpga_part_in_board_parts" time="0.001" /><testcase classname="tests.test_constants.TestDefaultFpgaPart" name="test_default_fpga_part_is_conservative" time="0.001" /><testcase classname="tests.test_constants.TestVivadoConfiguration" name="test_vivado_project_name_defined" time="0.001" /><testcase classname="tests.test_constants.TestVivadoConfiguration" name="test_vivado_project_name_valid" time="0.001" /><testcase classname="tests.test_constants.TestVivadoConfiguration" name="test_vivado_project_dir_defined" time="0.001" /><testcase classname="tests.test_constants.TestVivadoConfiguration" name="test_vivado_project_dir_relative" time="0.001" /><testcase classname="tests.test_constants.TestVivadoConfiguration" name="test_vivado_output_dir_defined" time="0.001" /><testcase classname="tests.test_constants.TestTclScriptFiles" name="test_tcl_script_files_defined" time="0.001" /><testcase classname="tests.test_constants.TestTclScriptFiles" name="test_tcl_script_files_order" time="0.001" /><testca
[...]
    app = PCILeechTUI()
src/tui/main.py:482: in __init__
    self.current_config = self.config_manager.get_current_config()
/Library/Frameworks/Python.framework/Versions/3.13/lib/python3.13/site-packages/textual/reactive.py:345: in __set__
    self._set(obj, value)
/Library/Frameworks/Python.framework/Versions/3.13/lib/python3.13/site-packages/textual/reactive.py:291: in _set
    raise ReactiveError(
E   textual.reactive.ReactiveError: Node is missing data; Check you are calling super().__init__(...) in the PCILeechTUI() constructor, before setting reactives.</failure></testcase><testcase classname="tests.tui.test_tui_main.TestPCILeechTUI" name="test_app_properties" time="0.001"><failure message="textual.reactive.ReactiveError: Node is missing data; Check you are calling super().__init__(...) in the PCILeechTUI() constructor, before setting reactives.">tests/tui/test_tui_main.py:166: in test_app_properties
    app = PCILeechTUI()
src/tui/main.py:482: in __init__
    self.current_config = self.config_manager.get_current_config()
/Library/Frameworks/Python.framework/Versions/3.13/lib/python3.13/site-packages/textual/reactive.py:345: in __set__
    self._set(obj, value)
/Library/Frameworks/Python.framework/Versions/3.13/lib/python3.13/site-packages/textual/reactive.py:291: in _set
    raise ReactiveError(
E   textual.reactive.ReactiveError: Node is missing data; Check you are calling super().__init__(...) in the PCILeechTUI() constructor, before setting reactives.</failure></testcase><testcase classname="tests.tui.test_tui_main.TestPCILeechTUI" name="test_initialize_app" time="0.001"><failure message="textual.reactive.ReactiveError: Node is missing data; Check you are calling super().__init__(...) in the PCILeechTUI() constructor, before setting reactives.">tests/tui/test_tui_main.py:184: in test_initialize_app
    app = PCILeechTUI()
src/tui/main.py:482: in __init__
    self.current_config = self.config_manager.get_current_config()
/Library/Frameworks/Python.framework/Versions/3.13/lib/python3.13/site-packages/textual/reactive.py:345: in __set__
    self._set(obj, value)
/Library/Frameworks/Python.framework/Versions/3.13/lib/python3.13/site-packages/textual/reactive.py:291: in _set
    raise ReactiveError(
E   textual.reactive.ReactiveError: Node is missing data; Check you are calling super().__init__(...) in the PCILeechTUI() constructor, before setting reactives.</failure></testcase><testcase classname="tests.tui.test_tui_main.TestPCILeechTUI" name="test_scan_devices" time="0.001"><failure message="textual.reactive.ReactiveError: Node is missing data; Check you are calling super().__init__(...) in the PCILeechTUI() constructor, before setting reactives.">tests/tui/test_tui_main.py:203: in test_scan_devices
    app = PCILeechTUI()
src/tui/main.py:482: in __init__
    self.current_config = self.config_manager.get_current_config()
/Library/Frameworks/Python.framework/Versions/3.13/lib/python3.13/site-packages/textual/reactive.py:345: in __set__
    self._set(obj, value)
/Library/Frameworks/Python.framework/Versions/3.13/lib/python3.13/site-packages/textual/reactive.py:291: in _set
    raise ReactiveError(
E   textual.reactive.ReactiveError: Node is missing data; Check you are calling super().__init__(...) in the PCILeechTUI() constructor, before setting reactives.</failure></testcase><testcase classname="tests.tui.test_tui_main.TestPCILeechTUI" name="test_update_device_table" time="0.001"><failure message="textual.reactive.ReactiveError: Node is missing data; Check you are calling super().__init__(...) in the PCILeechTUI() constructor, before setting reactives.">tests/tui/test_tui_main.py:241: in test_update_device_table
    app = PCILeechTUI()
src/tui/main.py:482: in __init__
    self.current_config = self.config_manager.get_current_config()
/Library/Frameworks/Python.framework/Versions/3.13/lib/python3.13/site-packages/textual/reactive.py:345: in __set__
    self._set(obj, value)
/Library/Frameworks/Python.framework/Versions/3.13/lib/python3.13/site-packages/textual/reactive.py:291: in _set
    raise ReactiveError(
E   textual.reactive.ReactiveError: Node is missing data; Check you are calling super().__init__(...) in the PCILeechTUI() constructor, before setting reactives.</failure></testcase><testcase classname="tests.tui.test_tui_main.TestPCILeechTUI" name="test_update_config_display" time="0.001"><failure message="textual.reactive.ReactiveError: Node is missing data; Check you are calling super().__init__(...) in the PCILeechTUI() constructor, before setting reactives.">tests/tui/test_tui_main.py:275: in test_update_config_display
    app = PCILeechTUI()
src/tui/main.py:482: in __init__
    self.current_config = self.config_manager.get_current_config()
/Library/Frameworks/Python.framework/Versions/3.13/lib/python3.13/site-packages/textual/reactive.py:345: in __set__
    self._set(obj, value)
/Library/Frameworks/Python.framework/Versions/3.13/lib/python3.13/site-packages/textual/reactive.py:291: in _set
    raise ReactiveError(
E   textual.reactive.ReactiveError: Node is missing data; Check you are calling super().__init__(...) in the PCILeechTUI() constructor, before setting reactives.</failure></testcase><testcase classname="tests.tui.test_tui_main.TestPCILeechTUI" name="test_update_status_display" time="0.001"><failure message="textual.reactive.ReactiveError: Node is missing data; Check you are calling super().__init__(...) in the PCILeechTUI() constructor, before setting reactives.">tests/tui/test_tui_main.py:310: in test_update_status_display
    app = PCILeechTUI()
src/tui/main.py:482: in __init__
    self.current_config = self.config_manager.get_current_config()
/Library/Frameworks/Python.framework/Versions/3.13/lib/python3.13/site-packages/textual/reactive.py:345: in __set__
    self._set(obj, value)
/Library/Frameworks/Python.framework/Versions/3.13/lib/python3.13/site-packages/textual/reactive.py:291: in _set
    raise ReactiveError(
E   textual.reactive.ReactiveError: Node is missing data; Check you are calling super().__init__(...) in the PCILeechTUI() constructor, before setting reactives.</failure></testcase><testcase classname="tests.tui.test_tui_main.TestPCILeechTUI" name="test_update_build_progress" time="0.001"><failure message="textual.reactive.ReactiveError: Node is missing data; Check you are calling super().__init__(...) in the PCILeechTUI() constructor, before setting reactives.">tests/tui/test_tui_main.py:349: in test_update_build_progress
    app = PCILeechTUI()
src/tui/main.py:482: in __init__
    self.current_config = self.config_manager.get_current_config()
/Library/Frameworks/Python.framework/Versions/3.13/lib/python3.13/site-packages/textual/reactive.py:345: in __set__
    self._set(obj, value)
/Library/Frameworks/Python.framework/Versions/3.13/lib/python3.13/site-packages/textual/reactive.py:291: in _set
    raise ReactiveError(
E   textual.reactive.ReactiveError: Node is missing data; Check you are calling super().__init__(...) in the PCILeechTUI() constructor, before setting reactives.</failure></testcase><testcase classname="tests.tui.test_tui_main.TestPCILeechTUI" name="test_button_press_handlers" time="0.002"><failure message="textual.reactive.ReactiveError: Node is missing data; Check you are calling super().__init__(...) in the PCILeechTUI() constructor, before setting reactives.">tests/tui/test_tui_main.py:391: in test_button_press_handlers
    app = PCILeechTUI()
src/tui/main.py:482: in __init__
    self.current_config = self.config_manager.get_current_config()
/Library/Frameworks/Python.framework/Versions/3.13/lib/python3.13/site-packages/textual/reactive.py:345: in __set__
    self._set(obj, value)
/Library/Frameworks/Python.framework/Versions/3.13/lib/python3.13/site-packages/textual/reactive.py:291: in _set
    raise ReactiveError(
E   textual.reactive.ReactiveError: Node is missing data; Check you are calling super().__init__(...) in the PCILeechTUI() constructor, before setting reactives.</failure></testcase><testcase classname="tests.tui.test_tui_main.TestPCILeechTUI" name="test_data_table_row_selection" time="0.001"><failure message="textual.reactive.ReactiveError: Node is missing data; Check you are calling super().__init__(...) in the PCILeechTUI() constructor, before setting reactives.">tests/tui/test_tui_main.py:427: in test_data_table_row_selection
    app = PCILeechTUI()
src/tui/main.py:482: in __init__
    self.current_config = self.config_manager.get_current_config()
/Library/Frameworks/Python.framework/Versions/3.13/lib/python3.13/site-packages/textual/reactive.py:345: in __set__
    self._set(obj, value)
/Library/Frameworks/Python.framework/Versions/3.13/lib/python3.13/site-packages/textual/reactive.py:291: in _set
    raise ReactiveError(
E   textual.reactive.ReactiveError: Node is missing data; Check you are calling super().__init__(...) in the PCILeechTUI() constructor, before setting reactives.</failure></testcase><testcase classname="tests.tui.test_tui_main.TestPCILeechTUI" name="test_start_build" time="0.001"><failure message="textual.reactive.ReactiveError: Node is missing data; Check you are calling super().__init__(...) in the PCILeechTUI() constructor, before setting reactives.">tests/tui/test_tui_main.py:466: in test_start_build
    app = PCILeechTUI()
src/tui/main.py:482: in __init__
    self.current_config = self.config_manager.get_current_config()
/Library/Frameworks/Python.framework/Versions/3.13/lib/python3.13/site-packages/textual/reactive.py:345: in __set__
    self._set(obj, value)
/Library/Frameworks/Python.framework/Versions/3.13/lib/python3.13/site-packages/textual/reactive.py:291: in _set
    raise ReactiveError(
E   textual.reactive.ReactiveError: Node is missing data; Check you are calling super().__init__(...) in the PCILeechTUI() constructor, before setting reactives.</failure></testcase><testcase classname="tests.tui.test_tui_main.TestPCILeechTUI" name="test_stop_build" time="0.001"><failure message="textual.reactive.ReactiveError: Node is missing data; Check you are calling super().__init__(...) in the PCILeechTUI() constructor, before setting reactives.">tests/tui/test_tui_main.py:503: in test_stop_build
    app = PCILeechTUI()
src/tui/main.py:482: in __init__
    self.current_config = self.config_manager.get_current_config()
/Library/Frameworks/Python.framework/Versions/3.13/lib/python3.13/site-packages/textual/reactive.py:345: in __set__
    self._set(obj, value)
/Library/Frameworks/Python.framework/Versions/3.13/lib/python3.13/site-packages/textual/reactive.py:291: in _set
    raise ReactiveError(
E   textual.reactive.ReactiveError: Node is missing data; Check you are calling super().__init__(...) in the PCILeechTUI() constructor, before setting reactives.</failure></testcase><testcase classname="tests.tui.test_tui_main.TestPCILeechTUI" name="test_build_progress_callback" time="0.001"><failure message="textual.reactive.ReactiveError: Node is missing data; Check you are calling super().__init__(...) in the PCILeechTUI() constructor, before setting reactives.">tests/tui/test_tui_main.py:516: in test_build_progress_callback
    app = PCILeechTUI()
src/tui/main.py:482: in __init__
    self.current_config = self.config_manager.get_current_config()
/Library/Frameworks/Python.framework/Versions/3.13/lib/python3.13/site-packages/textual/reactive.py:345: in __set__
    self._set(obj, value)
/Library/Frameworks/Python.framework/Versions/3.13/lib/python3.13/site-packages/textual/reactive.py:291: in _set
    raise ReactiveError(
E   textual.reactive.ReactiveError: Node is missing data; Check you are calling super().__init__(...) in the PCILeechTUI() constructor, before setting reactives.</failure></testcase><testcase classname="tests.tui.test_tui_main.TestPCILeechTUI" name="test_reactive_watchers" time="0.001"><failure message="textual.reactive.ReactiveError: Node is missing data; Check you are calling super().__init__(...) in the PCILeechTUI() constructor, before setting reactives.">tests/tui/test_tui_main.py:535: in test_reactive_watchers
    app = PCILeechTUI()
src/tui/main.py:482: in __init__
    self.current_config = self.config_manager.get_current_config()
/Library/Frameworks/Python.framework/Versions/3.13/lib/python3.13/site-packages/textual/reactive.py:345: in __set__
    self._set(obj, value)
/Library/Frameworks/Python.framework/Versions/3.13/lib/python3.13/site-packages/textual/reactive.py:291: in _set
    raise ReactiveError(
E   textual.reactive.ReactiveError: Node is missing data; Check you are calling super().__init__(...) in the PCILeechTUI() constructor, before setting reactives.</failure></testcase><testcase classname="tests.tui.test_tui_main.TestPCILeechTUI" name="test_build_progress_watcher" time="0.001"><failure message="textual.reactive.ReactiveError: Node is missing data; Check you are calling super().__init__(...) in the PCILeechTUI() constructor, before setting reactives.">tests/tui/test_tui_main.py:574: in test_build_progress_watcher
    app = PCILeechTUI()
src/tui/main.py:482: in __init__
    self.current_config = self.config_manager.get_current_config()
/Library/Frameworks/Python.framework/Versions/3.13/lib/python3.13/site-packages/textual/reactive.py:345: in __set__
    self._set(obj, value)
/Library/Frameworks/Python.framework/Versions/3.13/lib/python3.13/site-packages/textual/reactive.py:291: in _set
    raise ReactiveError(
E   textual.reactive.ReactiveError: Node is missing data; Check you are calling super().__init__(...) in the PCILeechTUI() constructor, before setting reactives.</failure></testcase><testcase classname="tests.tui.test_tui_main.TestPCILeechTUI" name="test_open_configuration_dialog" time="0.001"><failure message="textual.reactive.ReactiveError: Node is missing data; Check you are calling super().__init__(...) in the PCILeechTUI() constructor, before setting reactives.">tests/tui/test_tui_main.py:592: in test_open_configuration_dialog
    app = PCILeechTUI()
src/tui/main.py:482: in __init__
    self.current_config = self.config_manager.get_current_config()
/Library/Frameworks/Python.framework/Versions/3.13/lib/python3.13/site-packages/textual/reactive.py:345: in __set__
    self._set(obj, value)
/Library/Frameworks/Python.framework/Versions/3.13/lib/python3.13/site-packages/textual/reactive.py:291: in _set
    raise ReactiveError(
E   textual.reactive.ReactiveError: Node is missing data; Check you are calling super().__init__(...) in the PCILeechTUI() constructor, before setting reactives.</failure></testcase><testcase classname="tests.tui.test_tui_main.TestPCILeechTUI" name="test_monitor_system_status" time="0.001"><failure message="textual.reactive.ReactiveError: Node is missing data; Check you are calling super().__init__(...) in the PCILeechTUI() constructor, before setting reactives.">tests/tui/test_tui_main.py:608: in test_monitor_system_status
    app = PCILeechTUI()
src/tui/main.py:482: in __init__
    self.current_config = self.config_manager.get_current_config()
/Library/Frameworks/Python.framework/Versions/3.13/lib/python3.13/site-packages/textual/reactive.py:345: in __set__
    self._set(obj, value)
/Library/Frameworks/Python.framework/Versions/3.13/lib/python3.13/site-packages/textual/reactive.py:291: in _set
    raise ReactiveError(
E   textual.reactive.ReactiveError: Node is missing data; Check you are calling super().__init__(...) in the PCILeechTUI() constructor, before setting reactives.</failure></testcase><testcase classname="tests.tui.test_tui_models.TestBuildConfiguration" name="test_default_configuration" time="0.001" /><testcase classname="tests.tui.test_tui_models.TestBuildConfiguration" name="test_configuration_validation" time="0.001" /><testcase classname="tests.tui.test_tui_models.TestBuildConfiguration" name="test_is_advanced_property" time="0.001" /><testcase classname="tests.tui.test_tui_models.TestBuildConfiguration" name="test_feature_summary" time="0.001"><failure message="AssertionError: assert 'Donor Device Analysis' == 'Basic Configuration'&#10;  &#10;  - Basic Configuration&#10;  + Donor Device Analysis">tests/tui/test_tui_models.py:89: in test_feature_summary
    assert config.feature_summary == "Basic Configuration"
E   AssertionError: assert 'Donor Device Analysis' == 'Basic Configuration'
E     
E     - Basic Configuration
E     + Donor Device Analysis</failure></testcase><testcase classname="tests.tui.test_tui_models.TestBuildConfiguration" name="test_to_cli_args" time="0.001" /><testcase classname="tests.tui.test_tui_models.TestBuildConfiguration" name="test_serialization" time="0.001" /><testcase classname="tests.tui.test_tui_models.TestBuildConfiguration" name="test_file_operations" time="0.001" /><testcase classname="tests.tui.test_tui_models.TestBuildConfiguration" name="test_copy" time="0.001" /><testcase classname="tests.tui.test_tui_models.TestPCIDevice" name="test_device_creation" time="0.001" /><testcase classname="tests.tui.test_tui_models.TestPCIDevice" name="test_display_name" time="0.001" /><testcase classname="tests.tui.test_tui_models.TestPCIDevice" name="test_is_suitable" time="0.001" /><testcase classname="tests.tui.test_tui_models.TestPCIDevice" name="test_status_indicator" time="0.001" /><testcase classname="tests.tui.test_tui_models.TestPCIDevice" name="test_serialization" time="0.001"><failure message="TypeError: PCIDevice.__init__() got an unexpected keyword argument 'bd'. Did you mean 'bdf'?">tests/tui/test_tui_models.py:323: in test_serialization
    restored = PCIDevice.from_dict(data)
src/tui/models/device.py:136: in from_dict
    return cls(**data)
E   TypeError: PCIDevice.__init__() got an unexpected keyword argument 'bd'. Did you mean 'bdf'?</failure></testcase><testcase classname="tests.tui.test_tui_models.TestTUIError" name="test_error_creation" time="0.001" /><testcase classname="tests.tui.test_tui_models.TestTUIError" name="test_severity_properties" time="0.001" /><testcase classname="tests.tui.test_tui_models.TestTUIError" name="test_add_action" time="0.001" /><testcase classname="tests.tui.test_tui_models.TestTUIError" name="test_serialization" time="0.001" /><testcase classname="tests.tui.test_tui_models.TestErrorTemplates" name="test_vfio_binding_failed" time="0.001" /><testcase classname="tests.tui.test_tui_models.TestErrorTemplates" name="test_container_not_found" time="0.001" /><testcase classname="tests.tui.test_tui_models.TestErrorTemplates" name="test_insufficient_permissions" time="0.001" /><testcase classname="tests.tui.test_tui_models.TestErrorTemplates" name="test_build_failed" time="0.001" /><testcase classname="tests.tui.test_tui_models.TestErrorTemplates" name="test_device_not_suitable" time="0.001" /><testcase classname="tests.tui.test_tui_models.TestBuildProgress" name="test_progress_creation" time="0.001" /><testcase classname="tests.tui.test_tui_models.TestBuildProgress" name="test_stage_tracking" time="0.001" /><testcase classname="tests.tui.test_tui_models.TestBuildProgress" name="test_overall_progress" time="0.001" /><testcase classname="tests.tui.test_tui_models.TestBuildProgress" name="test_status_text" time="0.001" /><testcase classname="tests.tui.test_tui_models.TestBuildProgress" name="test_progress_bar_text" time="0.001" /><testcase classname="tests.tui.test_tui_models.TestBuildProgress" name="test_warning_and_error_management" time="0.001" /><testcase classname="tests.tui.test_tui_models.TestBuildProgress" name="test_resource_usage_update" time="0.001" /><testcase classname="tests.tui.test_tui_models.TestBuildProgress" name="test_serialization" time="0.001" /><testcase classname="tests.tui.test_tui_models.TestBuildStage" name="test_build_stages" time="0.001" /></testsuite></testsuites>