<?xml version="1.0" encoding="utf-8"?><testsuites><testsuite name="pytest" errors="11" failures="0" skipped="0" tests="11" time="2.975" timestamp="2025-06-14T14:55:42.936780-04:00" hostname="Ramseys-MacBook-Pro.local"><testcase classname="" name="tests.test_advanced_sv" time="0.000"><error message="collection failure">ImportError while importing test module '/Users/ramseymcgrath/code/PCILeechFWGenerator/tests/test_advanced_sv.py'.
Hint: make sure your test modules/packages have valid Python names.
Traceback:
/Library/Frameworks/Python.framework/Versions/3.13/lib/python3.13/importlib/__init__.py:88: in import_module
    return _bootstrap._gcd_import(name[level:], package, level)
tests/test_advanced_sv.py:23: in &lt;module&gt;
    from src.advanced_sv_power import (
E   ImportError: cannot import name 'PowerState' from 'src.advanced_sv_power' (/Users/ramseymcgrath/code/PCILeechFWGenerator/src/advanced_sv_power.py)</error></testcase><testcase classname="" name="tests.test_build" time="0.000"><error message="collection failure">tests/test_build.py:26: in &lt;module&gt;
    from src import build_compat as build
E   ImportError: cannot import name 'build_compat' from 'src' (/Users/ramseymcgrath/code/PCILeechFWGenerator/src/__init__.py)

During handling of the above exception, another exception occurred:
/Library/Frameworks/Python.framework/Versions/3.13/lib/python3.13/site-packages/_pytest/python.py:493: in importtestmodule
    mod = import_path(
/Library/Frameworks/Python.framework/Versions/3.13/lib/python3.13/site-packages/_pytest/pathlib.py:587: in import_path
    importlib.import_module(module_name)
/Library/Frameworks/Python.framework/Versions/3.13/lib/python3.13/importlib/__init__.py:88: in import_module
    return _bootstrap._gcd_import(name[level:], package, level)
&lt;frozen importlib._bootstrap&gt;:1387: in _gcd_import
    ???
&lt;frozen importlib._bootstrap&gt;:1360: in _find_and_load
    ???
&lt;frozen importlib._bootstrap&gt;:1331: in _find_and_load_unlocked
    ???
&lt;frozen importlib._bootstrap&gt;:935: in _load_unlocked
    ???
/Library/Frameworks/Python.framework/Versions/3.13/lib/python3.13/site-packages/_pytest/assertion/rewrite.py:185: in exec_module
    exec(co, module.__dict__)
tests/test_build.py:30: in &lt;module&gt;
    from src import build
E     File "/Users/ramseymcgrath/code/PCILeechFWGenerator/src/build.py", line 792
E       if {$top_module != ""} {
E           ^
E   SyntaxError: f-string: expecting a valid expression after '{'</error></testcase><testcase classname="" name="tests.test_build_integration" time="0.000"><error message="collection failure">ImportError while importing test module '/Users/ramseymcgrath/code/PCILeechFWGenerator/tests/test_build_integration.py'.
Hint: make sure your test modules/packages have valid Python names.
Traceback:
/Library/Frameworks/Python.framework/Versions/3.13/lib/python3.13/importlib/__init__.py:88: in import_module
    return _bootstrap._gcd_import(name[level:], package, level)
tests/test_build_integration.py:23: in &lt;module&gt;
    from tests.utils import get_pcileech_wifi_sv_file, get_pcileech_wifi_tcl_file
E   ImportError: cannot import name 'get_pcileech_wifi_sv_file' from 'tests.utils' (/Users/ramseymcgrath/code/PCILeechFWGenerator/tests/utils.py)</error></testcase><testcase classname="" name="tests.test_error_handling_enhanced" time="0.000"><error message="collection failure">/Library/Frameworks/Python.framework/Versions/3.13/lib/python3.13/site-packages/_pytest/python.py:493: in importtestmodule
    mod = import_path(
/Library/Frameworks/Python.framework/Versions/3.13/lib/python3.13/site-packages/_pytest/pathlib.py:587: in import_path
    importlib.import_module(module_name)
/Library/Frameworks/Python.framework/Versions/3.13/lib/python3.13/importlib/__init__.py:88: in import_module
    return _bootstrap._gcd_import(name[level:], package, level)
&lt;frozen importlib._bootstrap&gt;:1387: in _gcd_import
    ???
&lt;frozen importlib._bootstrap&gt;:1360: in _find_and_load
    ???
&lt;frozen importlib._bootstrap&gt;:1331: in _find_and_load_unlocked
    ???
&lt;frozen importlib._bootstrap&gt;:935: in _load_unlocked
    ???
/Library/Frameworks/Python.framework/Versions/3.13/lib/python3.13/site-packages/_pytest/assertion/rewrite.py:185: in exec_module
    exec(co, module.__dict__)
tests/test_error_handling_enhanced.py:15: in &lt;module&gt;
    from src.build import PCILeechFirmwareBuilder
E     File "/Users/ramseymcgrath/code/PCILeechFWGenerator/src/build.py", line 792
E       if {$top_module != ""} {
E           ^
E   SyntaxError: f-string: expecting a valid expression after '{'</error></testcase><testcase classname="" name="tests.test_external_integration" time="0.000"><error message="collection failure">ImportError while importing test module '/Users/ramseymcgrath/code/PCILeechFWGenerator/tests/test_external_integration.py'.
Hint: make sure your test modules/packages have valid Python names.
Traceback:
/Library/Frameworks/Python.framework/Versions/3.13/lib/python3.13/importlib/__init__.py:88: in import_module
    return _bootstrap._gcd_import(name[level:], package, level)
tests/test_external_integration.py:26: in &lt;module&gt;
    from src.advanced_sv_power import (
E   ImportError: cannot import name 'PowerState' from 'src.advanced_sv_power' (/Users/ramseymcgrath/code/PCILeechFWGenerator/src/advanced_sv_power.py)</error></testcase><testcase classname="" name="tests.test_local_build" time="0.000"><error message="collection failure">/Library/Frameworks/Python.framework/Versions/3.13/lib/python3.13/site-packages/_pytest/python.py:493: in importtestmodule
    mod = import_path(
/Library/Frameworks/Python.framework/Versions/3.13/lib/python3.13/site-packages/_pytest/pathlib.py:587: in import_path
    importlib.import_module(module_name)
/Library/Frameworks/Python.framework/Versions/3.13/lib/python3.13/importlib/__init__.py:88: in import_module
    return _bootstrap._gcd_import(name[level:], package, level)
&lt;frozen importlib._bootstrap&gt;:1387: in _gcd_import
    ???
&lt;frozen importlib._bootstrap&gt;:1360: in _find_and_load
    ???
&lt;frozen importlib._bootstrap&gt;:1331: in _find_and_load_unlocked
    ???
&lt;frozen importlib._bootstrap&gt;:935: in _load_unlocked
    ???
/Library/Frameworks/Python.framework/Versions/3.13/lib/python3.13/site-packages/_pytest/assertion/rewrite.py:185: in exec_module
    exec(co, module.__dict__)
tests/test_local_build.py:19: in &lt;module&gt;
    from src import build
E     File "/Users/ramseymcgrath/code/PCILeechFWGenerator/src/build.py", line 792
E       if {$top_module != ""} {
E           ^
E   SyntaxError: f-string: expecting a valid expression after '{'</error></testcase><testcase classname="" name="tests.test_modular_build" time="0.000"><error message="collection failure">/Library/Frameworks/Python.framework/Versions/3.13/lib/python3.13/site-packages/_pytest/python.py:493: in importtestmodule
    mod = import_path(
/Library/Frameworks/Python.framework/Versions/3.13/lib/python3.13/site-packages/_pytest/pathlib.py:587: in import_path
    importlib.import_module(module_name)
/Library/Frameworks/Python.framework/Versions/3.13/lib/python3.13/importlib/__init__.py:88: in import_module
    return _bootstrap._gcd_import(name[level:], package, level)
&lt;frozen importlib._bootstrap&gt;:1387: in _gcd_import
    ???
&lt;frozen importlib._bootstrap&gt;:1360: in _find_and_load
    ???
&lt;frozen importlib._bootstrap&gt;:1331: in _find_and_load_unlocked
    ???
&lt;frozen importlib._bootstrap&gt;:935: in _load_unlocked
    ???
/Library/Frameworks/Python.framework/Versions/3.13/lib/python3.13/site-packages/_pytest/assertion/rewrite.py:185: in exec_module
    exec(co, module.__dict__)
tests/test_modular_build.py:19: in &lt;module&gt;
    from src.build.analysis.device import DeviceAnalyzer
E     File "/Users/ramseymcgrath/code/PCILeechFWGenerator/src/build.py", line 792
E       if {$top_module != ""} {
E           ^
E   SyntaxError: f-string: expecting a valid expression after '{'</error></testcase><testcase classname="" name="tests.test_pci_validation" time="0.000"><error message="collection failure">/Library/Frameworks/Python.framework/Versions/3.13/lib/python3.13/site-packages/_pytest/python.py:493: in importtestmodule
    mod = import_path(
/Library/Frameworks/Python.framework/Versions/3.13/lib/python3.13/site-packages/_pytest/pathlib.py:587: in import_path
    importlib.import_module(module_name)
/Library/Frameworks/Python.framework/Versions/3.13/lib/python3.13/importlib/__init__.py:88: in import_module
    return _bootstrap._gcd_import(name[level:], package, level)
&lt;frozen importlib._bootstrap&gt;:1387: in _gcd_import
    ???
&lt;frozen importlib._bootstrap&gt;:1360: in _find_and_load
    ???
&lt;frozen importlib._bootstrap&gt;:1331: in _find_and_load_unlocked
    ???
&lt;frozen importlib._bootstrap&gt;:935: in _load_unlocked
    ???
/Library/Frameworks/Python.framework/Versions/3.13/lib/python3.13/site-packages/_pytest/assertion/rewrite.py:185: in exec_module
    exec(co, module.__dict__)
tests/test_pci_validation.py:13: in &lt;module&gt;
    from src import build
E     File "/Users/ramseymcgrath/code/PCILeechFWGenerator/src/build.py", line 792
E       if {$top_module != ""} {
E           ^
E   SyntaxError: f-string: expecting a valid expression after '{'</error></testcase><testcase classname="" name="tests.test_sv_validation" time="0.000"><error message="collection failure">ImportError while importing test module '/Users/ramseymcgrath/code/PCILeechFWGenerator/tests/test_sv_validation.py'.
Hint: make sure your test modules/packages have valid Python names.
Traceback:
/Library/Frameworks/Python.framework/Versions/3.13/lib/python3.13/importlib/__init__.py:88: in import_module
    return _bootstrap._gcd_import(name[level:], package, level)
tests/test_sv_validation.py:21: in &lt;module&gt;
    from tests.utils import get_pcileech_wifi_sv_file
E   ImportError: cannot import name 'get_pcileech_wifi_sv_file' from 'tests.utils' (/Users/ramseymcgrath/code/PCILeechFWGenerator/tests/utils.py)</error></testcase><testcase classname="" name="tests.test_systemverilog_generation" time="0.000"><error message="collection failure">/Library/Frameworks/Python.framework/Versions/3.13/lib/python3.13/site-packages/_pytest/python.py:493: in importtestmodule
    mod = import_path(
/Library/Frameworks/Python.framework/Versions/3.13/lib/python3.13/site-packages/_pytest/pathlib.py:587: in import_path
    importlib.import_module(module_name)
/Library/Frameworks/Python.framework/Versions/3.13/lib/python3.13/importlib/__init__.py:88: in import_module
    return _bootstrap._gcd_import(name[level:], package, level)
&lt;frozen importlib._bootstrap&gt;:1387: in _gcd_import
    ???
&lt;frozen importlib._bootstrap&gt;:1360: in _find_and_load
    ???
&lt;frozen importlib._bootstrap&gt;:1331: in _find_and_load_unlocked
    ???
&lt;frozen importlib._bootstrap&gt;:935: in _load_unlocked
    ???
/Library/Frameworks/Python.framework/Versions/3.13/lib/python3.13/site-packages/_pytest/assertion/rewrite.py:185: in exec_module
    exec(co, module.__dict__)
tests/test_systemverilog_generation.py:14: in &lt;module&gt;
    from src.build import PCILeechFirmwareBuilder
E     File "/Users/ramseymcgrath/code/PCILeechFWGenerator/src/build.py", line 792
E       if {$top_module != ""} {
E           ^
E   SyntaxError: f-string: expecting a valid expression after '{'</error></testcase><testcase classname="" name="tests.test_tcl_generation" time="0.000"><error message="collection failure">/Library/Frameworks/Python.framework/Versions/3.13/lib/python3.13/site-packages/_pytest/python.py:493: in importtestmodule
    mod = import_path(
/Library/Frameworks/Python.framework/Versions/3.13/lib/python3.13/site-packages/_pytest/pathlib.py:587: in import_path
    importlib.import_module(module_name)
/Library/Frameworks/Python.framework/Versions/3.13/lib/python3.13/importlib/__init__.py:88: in import_module
    return _bootstrap._gcd_import(name[level:], package, level)
&lt;frozen importlib._bootstrap&gt;:1387: in _gcd_import
    ???
&lt;frozen importlib._bootstrap&gt;:1360: in _find_and_load
    ???
&lt;frozen importlib._bootstrap&gt;:1331: in _find_and_load_unlocked
    ???
&lt;frozen importlib._bootstrap&gt;:935: in _load_unlocked
    ???
/Library/Frameworks/Python.framework/Versions/3.13/lib/python3.13/site-packages/_pytest/assertion/rewrite.py:185: in exec_module
    exec(co, module.__dict__)
tests/test_tcl_generation.py:14: in &lt;module&gt;
    from src.build import PCILeechFirmwareBuilder
E     File "/Users/ramseymcgrath/code/PCILeechFWGenerator/src/build.py", line 792
E       if {$top_module != ""} {
E           ^
E   SyntaxError: f-string: expecting a valid expression after '{'</error></testcase></testsuite></testsuites>